Using pre-set license
Built from '2022.1/staging' branch; Version is '2022.1.14f1 (ff7e140968b4) revision 16743956'; Using compiler version '192829333'; Build Type 'Release'
OS: 'Windows 10  (10.0.19043) 64bit Core' Language: 'en' Physical Memory: 16331 MB
BatchMode: 1, IsHumanControllingUs: 0, StartBugReporterOnCrash: 0, Is64bit: 1, IsPro: 1

COMMAND LINE ARGUMENTS:
C:\Program Files\Unity\Hub\Editor\2022.1.14f1\Editor\Unity.exe
-adb2
-batchMode
-noUpm
-name
AssetImportWorker1
-projectPath
D:/UnityProjects/RoadToTeachArt/RoadToTechArt
-logFile
Logs/AssetImportWorker1.log
-srvPort
56868
Successfully changed project path to: D:/UnityProjects/RoadToTeachArt/RoadToTechArt
D:/UnityProjects/RoadToTeachArt/RoadToTechArt
[UnityMemory] Configuration Parameters - Can be set up in boot.config
    "memorysetup-bucket-allocator-granularity=16"
    "memorysetup-bucket-allocator-bucket-count=8"
    "memorysetup-bucket-allocator-block-size=33554432"
    "memorysetup-bucket-allocator-block-count=8"
    "memorysetup-main-allocator-block-size=16777216"
    "memorysetup-thread-allocator-block-size=16777216"
    "memorysetup-gfx-main-allocator-block-size=16777216"
    "memorysetup-gfx-thread-allocator-block-size=16777216"
    "memorysetup-cache-allocator-block-size=4194304"
    "memorysetup-typetree-allocator-block-size=2097152"
    "memorysetup-profiler-bucket-allocator-granularity=16"
    "memorysetup-profiler-bucket-allocator-bucket-count=8"
    "memorysetup-profiler-bucket-allocator-block-size=33554432"
    "memorysetup-profiler-bucket-allocator-block-count=8"
    "memorysetup-profiler-allocator-block-size=16777216"
    "memorysetup-profiler-editor-allocator-block-size=1048576"
    "memorysetup-temp-allocator-size-main=16777216"
    "memorysetup-job-temp-allocator-block-size=2097152"
    "memorysetup-job-temp-allocator-block-size-background=1048576"
    "memorysetup-job-temp-allocator-reduction-small-platforms=262144"
    "memorysetup-temp-allocator-size-background-worker=32768"
    "memorysetup-temp-allocator-size-job-worker=262144"
    "memorysetup-temp-allocator-size-preload-manager=33554432"
    "memorysetup-temp-allocator-size-nav-mesh-worker=65536"
    "memorysetup-temp-allocator-size-audio-worker=65536"
    "memorysetup-temp-allocator-size-cloud-worker=32768"
    "memorysetup-temp-allocator-size-gi-baking-worker=262144"
    "memorysetup-temp-allocator-size-gfx=262144"
Refreshing native plugins compatible for Editor in 207.26 ms, found 3 plugins.
Preloading 0 native plugins for Editor in 0.00 ms.
Initialize engine version: 2022.1.14f1 (ff7e140968b4)
[Subsystems] Discovering subsystems at path C:/Program Files/Unity/Hub/Editor/2022.1.14f1/Editor/Data/Resources/UnitySubsystems
[Subsystems] Discovering subsystems at path D:/UnityProjects/RoadToTeachArt/RoadToTechArt/Assets
GfxDevice: creating device client; threaded=0; jobified=0
Direct3D:
    Version:  Direct3D 11.0 [level 11.1]
    Renderer: Radeon RX 580 Series (ID=0x67df)
    Vendor:   ATI
    VRAM:     8171 MB
    Driver:   30.0.13023.4001
Shader 'ASESampleShaders/Terrain/TerrainSnowCoverageFirstPass': dependency 'BaseMapShader' shader 'ASESampleShaders/TerrainBase' not found
Shader 'ASESampleShaders/Terrain/TerrainSnowCoverageFirstPass': dependency 'BaseMapShader' shader 'ASESampleShaders/TerrainBase' not found
Initialize mono
Mono path[0] = 'C:/Program Files/Unity/Hub/Editor/2022.1.14f1/Editor/Data/Managed'
Mono path[1] = 'C:/Program Files/Unity/Hub/Editor/2022.1.14f1/Editor/Data/MonoBleedingEdge/lib/mono/unityjit-win32'
Mono config path = 'C:/Program Files/Unity/Hub/Editor/2022.1.14f1/Editor/Data/MonoBleedingEdge/etc'
Using monoOptions --debugger-agent=transport=dt_socket,embedding=1,server=y,suspend=n,address=127.0.0.1:56000
Begin MonoManager ReloadAssembly
Registering precompiled unity dll's ...
Register platform support module: C:/Program Files/Unity/Hub/Editor/2022.1.14f1/Editor/Data/PlaybackEngines/MacStandaloneSupport/UnityEditor.OSXStandalone.Extensions.dll
Register platform support module: C:/Program Files/Unity/Hub/Editor/2022.1.14f1/Editor/Data/PlaybackEngines/AndroidPlayer/UnityEditor.Android.Extensions.dll
Register platform support module: C:/Program Files/Unity/Hub/Editor/2022.1.14f1/Editor/Data/PlaybackEngines/WindowsStandaloneSupport/UnityEditor.WindowsStandalone.Extensions.dll
Register platform support module: C:/Program Files/Unity/Hub/Editor/2022.1.14f1/Editor/Data/PlaybackEngines/MetroSupport/UnityEditor.UWP.Extensions.dll
Registered in 0.021174 seconds.
Native extension for UWP target not found
Native extension for WindowsStandalone target not found
Native extension for Android target not found
Native extension for OSXStandalone target not found
Refreshing native plugins compatible for Editor in 179.69 ms, found 3 plugins.
Preloading 0 native plugins for Editor in 0.00 ms.
Mono: successfully reloaded assembly
- Completed reload, in  1.583 seconds
Domain Reload Profiling:
	ReloadAssembly (1584ms)
		BeginReloadAssembly (160ms)
			ExecutionOrderSort (0ms)
			DisableScriptedObjects (0ms)
			BackupInstance (0ms)
			ReleaseScriptingObjects (0ms)
			CreateAndSetChildDomain (1ms)
		EndReloadAssembly (1128ms)
			LoadAssemblies (157ms)
			RebuildTransferFunctionScriptingTraits (0ms)
			SetupTypeCache (222ms)
				TypeCache.Initialize (221ms)
					TypeCache.ScanAssembly (219ms)
				ResolveRequiredComponents (1ms)
			ReleaseScriptCaches (0ms)
			RebuildScriptCaches (54ms)
			SetupLoadedEditorAssemblies (745ms)
				LogAssemblyErrors (0ms)
				InitializePlatformSupportModulesInManaged (133ms)
				SetLoadedEditorAssemblies (21ms)
				RefreshPlugins (180ms)
				BeforeProcessingInitializeOnLoad (3ms)
				ProcessInitializeOnLoadAttributes (279ms)
				ProcessInitializeOnLoadMethodAttributes (128ms)
				AfterProcessingInitializeOnLoad (0ms)
				EditorAssembliesLoaded (0ms)
			ExecutionOrderSort2 (0ms)
			AwakeInstancesAfterBackupRestoration (0ms)
Platform modules already initialized, skipping
Registering precompiled user dll's ...
Registered in 0.007239 seconds.
Begin MonoManager ReloadAssembly
Symbol file LoadedFromMemory doesn't match image D:\UnityProjects\RoadToTeachArt\RoadToTechArt\Library\PackageCache\com.unity.visualscripting@1.7.8\Editor\VisualScripting.Core\Dependencies\YamlDotNet\Unity.VisualScripting.YamlDotNet.dll
Symbol file LoadedFromMemory doesn't match image D:\UnityProjects\RoadToTeachArt\RoadToTechArt\Library\PackageCache\com.unity.visualscripting@1.7.8\Editor\VisualScripting.Core\Dependencies\DotNetZip\Unity.VisualScripting.IonicZip.dll
Native extension for UWP target not found
Native extension for WindowsStandalone target not found
Native extension for Android target not found
Native extension for OSXStandalone target not found
Refreshing native plugins compatible for Editor in 1.43 ms, found 3 plugins.
Preloading 0 native plugins for Editor in 0.00 ms.
Mono: successfully reloaded assembly
- Completed reload, in  2.516 seconds
Domain Reload Profiling:
	ReloadAssembly (2517ms)
		BeginReloadAssembly (416ms)
			ExecutionOrderSort (0ms)
			DisableScriptedObjects (13ms)
			BackupInstance (0ms)
			ReleaseScriptingObjects (0ms)
			CreateAndSetChildDomain (153ms)
		EndReloadAssembly (1858ms)
			LoadAssemblies (217ms)
			RebuildTransferFunctionScriptingTraits (0ms)
			SetupTypeCache (636ms)
				TypeCache.Initialize (624ms)
					TypeCache.ScanAssembly (615ms)
				ResolveRequiredComponents (12ms)
			ReleaseScriptCaches (1ms)
			RebuildScriptCaches (167ms)
			SetupLoadedEditorAssemblies (795ms)
				LogAssemblyErrors (0ms)
				InitializePlatformSupportModulesInManaged (37ms)
				SetLoadedEditorAssemblies (14ms)
				RefreshPlugins (2ms)
				BeforeProcessingInitializeOnLoad (165ms)
				ProcessInitializeOnLoadAttributes (502ms)
				ProcessInitializeOnLoadMethodAttributes (58ms)
				AfterProcessingInitializeOnLoad (16ms)
				EditorAssembliesLoaded (0ms)
			ExecutionOrderSort2 (0ms)
			AwakeInstancesAfterBackupRestoration (9ms)
Platform modules already initialized, skipping
========================================================================
Worker process is ready to serve import requests
Shader 'Hidden/Universal/2D Custom Lit': fallback shader 'Hidden/Shader Graph/FallbackError' not found
Shader 'Hidden/Universal/Decals': fallback shader 'Hidden/Shader Graph/FallbackError' not found
Shader 'Hidden/Universal/Decals': fallback shader 'Hidden/Shader Graph/FallbackError' not found
Shader 'ASESampleShaders/Terrain/TerrainSnowCoverageFirstPass': dependency 'BaseMapShader' shader 'ASESampleShaders/TerrainBase' not found
Shader 'Hidden/Universal/2D Custom Lit': fallback shader 'Hidden/Shader Graph/FallbackError' not found
Launched and connected shader compiler UnityShaderCompiler.exe after 0.07 seconds
Refreshing native plugins compatible for Editor in 1.41 ms, found 3 plugins.
Preloading 0 native plugins for Editor in 0.00 ms.
Unloading 4168 Unused Serialized files (Serialized files now loaded: 0)
Unloading 32 unused Assets / (1.3 MB). Loaded Objects now: 4641.
Memory consumption went from 0.71 GB to 0.71 GB.
Total: 5.710200 ms (FindLiveObjects: 0.493400 ms CreateObjectMapping: 0.254000 ms MarkObjects: 4.242500 ms  DeleteObjects: 0.718500 ms)

AssetImportParameters requested are different than current active one (requested -> active):
  custom:video-decoder-ogg-theora: a1e56fd34408186e4bbccfd4996cb3dc -> 
  custom:container-muxer-webm: aa71ff27fc2769a1b78a27578f13a17b -> 
  custom:container-demuxer-webm: 4f35f7cbe854078d1ac9338744f61a02 -> 
  custom:video-encoder-webm-vp8: eb34c28f22e8b96e1ab97ce403110664 -> 
  custom:audio-encoder-webm-vorbis: bf7c407c2cedff20999df2af8eb42d56 -> 
  custom:framework-win-MediaFoundation: 216162199b28c13a410421893ffa2e32 -> 
  custom:container-demuxer-ogg: 62fdf1f143b41e24485cea50d1cbac27 -> 
  custom:video-decoder-webm-vp8: 9c59270c3fd7afecdb556c50c9e8de78 -> 
  custom:audio-decoder-ogg-vorbis: bf7c407c2cedff20999df2af8eb42d56 -> 
========================================================================
Received Import Request.
  Time since last request: 757975.440708 seconds.
  path: Assets/AmplifyShaderEditor/Plugins/EditorResources/UI/Buttons/CleanupONNew.png
  artifactKey: Guid(e86ba70d2363b9443beac28a6a370b87) Importer(815301076,1909f56bfc062723c751e8b465ee728b)
Start importing Assets/AmplifyShaderEditor/Plugins/EditorResources/UI/Buttons/CleanupONNew.png using Guid(e86ba70d2363b9443beac28a6a370b87) Importer(815301076,1909f56bfc062723c751e8b465ee728b)  -> (artifact id: '14d012cab1a649c043e15f935432195d') in 0.110493 seconds 
========================================================================
Received Import Request.
  Time since last request: 0.000027 seconds.
  path: Assets/AmplifyShaderEditor/Plugins/EditorResources/UI/Buttons/FitView.png
  artifactKey: Guid(1def740f2314c6b4691529cadeee2e9c) Importer(815301076,1909f56bfc062723c751e8b465ee728b)
Start importing Assets/AmplifyShaderEditor/Plugins/EditorResources/UI/Buttons/FitView.png using Guid(1def740f2314c6b4691529cadeee2e9c) Importer(815301076,1909f56bfc062723c751e8b465ee728b)  -> (artifact id: '392b68b4ebc24ba163586fa7c6743d62') in 0.028045 seconds 
========================================================================
Received Import Request.
  Time since last request: 0.000036 seconds.
  path: Assets/AmplifyShaderEditor/Examples/Assets/Textures/FakeWindow/Fakewindow_v2.jpg
  artifactKey: Guid(68238187342e117439ce4507180c5a9f) Importer(815301076,1909f56bfc062723c751e8b465ee728b)
Start importing Assets/AmplifyShaderEditor/Examples/Assets/Textures/FakeWindow/Fakewindow_v2.jpg using Guid(68238187342e117439ce4507180c5a9f) Importer(815301076,1909f56bfc062723c751e8b465ee728b)  -> (artifact id: '0f12752142f4abb94f86260184fa21d7') in 0.033568 seconds 
========================================================================
Received Import Request.
  Time since last request: 0.000043 seconds.
  path: Assets/AmplifyShaderEditor/Plugins/EditorResources/UI/Buttons/MaximizeWindow.png
  artifactKey: Guid(7a1fd3f5fef75b64385591e1890d1842) Importer(815301076,1909f56bfc062723c751e8b465ee728b)
Start importing Assets/AmplifyShaderEditor/Plugins/EditorResources/UI/Buttons/MaximizeWindow.png using Guid(7a1fd3f5fef75b64385591e1890d1842) Importer(815301076,1909f56bfc062723c751e8b465ee728b)  -> (artifact id: 'b357072c60b5f682f427c1efc9fa7df5') in 0.019142 seconds 
========================================================================
Received Import Request.
  Time since last request: 0.000024 seconds.
  path: Assets/AmplifyShaderEditor/Plugins/EditorResources/UI/Nodes/PreviewOff.png
  artifactKey: Guid(1f3a46793c375864ab816c0d78061e4e) Importer(815301076,1909f56bfc062723c751e8b465ee728b)
Start importing Assets/AmplifyShaderEditor/Plugins/EditorResources/UI/Nodes/PreviewOff.png using Guid(1f3a46793c375864ab816c0d78061e4e) Importer(815301076,1909f56bfc062723c751e8b465ee728b)  -> (artifact id: '0760d3fcf820c5428cca32fdb8150079') in 0.016584 seconds 
========================================================================
Received Import Request.
  Time since last request: 0.000029 seconds.
  path: Assets/AmplifyShaderEditor/Plugins/EditorResources/UI/Nodes/PreviewOn.png
  artifactKey: Guid(dae54b5aa457b474e8a1599de1073d26) Importer(815301076,1909f56bfc062723c751e8b465ee728b)
Start importing Assets/AmplifyShaderEditor/Plugins/EditorResources/UI/Nodes/PreviewOn.png using Guid(dae54b5aa457b474e8a1599de1073d26) Importer(815301076,1909f56bfc062723c751e8b465ee728b)  -> (artifact id: '861da170534bb81a8c5039102465d3b4') in 0.040987 seconds 
========================================================================
Received Import Request.
  Time since last request: 0.000033 seconds.
  path: Assets/AmplifyShaderEditor/Examples/Assets/Textures/Snow/snow_albedo.jpg
  artifactKey: Guid(4112a019314dad94f9ffc2f8481f31bc) Importer(815301076,1909f56bfc062723c751e8b465ee728b)
Start importing Assets/AmplifyShaderEditor/Examples/Assets/Textures/Snow/snow_albedo.jpg using Guid(4112a019314dad94f9ffc2f8481f31bc) Importer(815301076,1909f56bfc062723c751e8b465ee728b)  -> (artifact id: 'b9841f8616c2e418ec3d605931ddce23') in 0.056482 seconds 
========================================================================
Received Import Request.
  Time since last request: 0.000034 seconds.
  path: Assets/AmplifyShaderEditor/Examples/Assets/Textures/Snow/snow_normal.jpg
  artifactKey: Guid(24e31ecbf813d9e49bf7a1e0d4034916) Importer(815301076,1909f56bfc062723c751e8b465ee728b)
Start importing Assets/AmplifyShaderEditor/Examples/Assets/Textures/Snow/snow_normal.jpg using Guid(24e31ecbf813d9e49bf7a1e0d4034916) Importer(815301076,1909f56bfc062723c751e8b465ee728b)  -> (artifact id: 'ba9371bb595b270f8381a53460719d64') in 0.103334 seconds 
========================================================================
Received Import Request.
  Time since last request: 0.000029 seconds.
  path: Assets/AmplifyShaderEditor/Plugins/EditorResources/UI/Buttons/MinimizeWindow.png
  artifactKey: Guid(2aae9a02747d74d46bf98a15ac5c9b21) Importer(815301076,1909f56bfc062723c751e8b465ee728b)
Start importing Assets/AmplifyShaderEditor/Plugins/EditorResources/UI/Buttons/MinimizeWindow.png using Guid(2aae9a02747d74d46bf98a15ac5c9b21) Importer(815301076,1909f56bfc062723c751e8b465ee728b)  -> (artifact id: '336c9ee7c62ae333f8c9bad63695aceb') in 0.019380 seconds 
========================================================================
Received Import Request.
  Time since last request: 0.000035 seconds.
  path: Assets/AmplifyShaderEditor/Plugins/EditorResources/UI/Nodes/WhitePortOutline.png
  artifactKey: Guid(56277f370fb77a448a152bcd2e3a9077) Importer(815301076,1909f56bfc062723c751e8b465ee728b)
Start importing Assets/AmplifyShaderEditor/Plugins/EditorResources/UI/Nodes/WhitePortOutline.png using Guid(56277f370fb77a448a152bcd2e3a9077) Importer(815301076,1909f56bfc062723c751e8b465ee728b)  -> (artifact id: 'f50d8fe335361689afb828617ae7fc42') in 0.021660 seconds 
========================================================================
Received Import Request.
  Time since last request: 0.000026 seconds.
  path: Assets/AmplifyShaderEditor/Plugins/EditorResources/UI/Nodes/WireNodeSelection.png
  artifactKey: Guid(bfe0b03d5d60cea4f9d4b2d1d121e592) Importer(815301076,1909f56bfc062723c751e8b465ee728b)
Start importing Assets/AmplifyShaderEditor/Plugins/EditorResources/UI/Nodes/WireNodeSelection.png using Guid(bfe0b03d5d60cea4f9d4b2d1d121e592) Importer(815301076,1909f56bfc062723c751e8b465ee728b)  -> (artifact id: 'a0db1300e719eadcc7c7a88d66706a6e') in 0.018818 seconds 
========================================================================
Received Import Request.
  Time since last request: 0.000029 seconds.
  path: Assets/AmplifyShaderEditor/Examples/Assets/Textures/Snow/snow_specular.png
  artifactKey: Guid(84d76c914224da14a8210ba4ba8a2992) Importer(815301076,1909f56bfc062723c751e8b465ee728b)
Start importing Assets/AmplifyShaderEditor/Examples/Assets/Textures/Snow/snow_specular.png using Guid(84d76c914224da14a8210ba4ba8a2992) Importer(815301076,1909f56bfc062723c751e8b465ee728b)  -> (artifact id: '46acffff72a3ad582630e30fc008fcfb') in 0.059568 seconds 
========================================================================
Received Import Request.
  Time since last request: 0.000055 seconds.
  path: Assets/AmplifyShaderEditor/Plugins/EditorResources/Textures/white.png
  artifactKey: Guid(37e6f91f3efb0954cbdce254638862ea) Importer(815301076,1909f56bfc062723c751e8b465ee728b)
Start importing Assets/AmplifyShaderEditor/Plugins/EditorResources/Textures/white.png using Guid(37e6f91f3efb0954cbdce254638862ea) Importer(815301076,1909f56bfc062723c751e8b465ee728b)  -> (artifact id: '0612c1fb674445776d000e60253f20e7') in 0.021232 seconds 
========================================================================
Received Import Request.
  Time since last request: 0.000024 seconds.
  path: Assets/AmplifyShaderEditor/Examples/Assets/Textures/FakeWindow/Fakewindow_v3.jpg
  artifactKey: Guid(a675b98d74bd99e4c88dd989b39bdcbd) Importer(815301076,1909f56bfc062723c751e8b465ee728b)
Start importing Assets/AmplifyShaderEditor/Examples/Assets/Textures/FakeWindow/Fakewindow_v3.jpg using Guid(a675b98d74bd99e4c88dd989b39bdcbd) Importer(815301076,1909f56bfc062723c751e8b465ee728b)  -> (artifact id: '098699b9724db65722bb69a45bcf3267') in 0.024580 seconds 
========================================================================
Received Import Request.
  Time since last request: 0.083860 seconds.
  path: Assets/AmplifyShaderEditor/Examples/Built-In/TextureArray/WoodTextureArrayNormal.asset
  artifactKey: Guid(18abd59f757787242ac884d340d0718c) Importer(815301076,1909f56bfc062723c751e8b465ee728b)
Start importing Assets/AmplifyShaderEditor/Examples/Built-In/TextureArray/WoodTextureArrayNormal.asset using Guid(18abd59f757787242ac884d340d0718c) Importer(815301076,1909f56bfc062723c751e8b465ee728b)  -> (artifact id: '3f152cc7c003dac5d0f9a7ce5484c73f') in 0.084467 seconds 
========================================================================
Received Import Request.
  Time since last request: 7.509702 seconds.
  path: Assets/AmplifyShaderEditor/Plugins/EditorResources/UI/Buttons/AddToList.png
  artifactKey: Guid(cccc116a6334dc1428687697c5a11d58) Importer(815301076,1909f56bfc062723c751e8b465ee728b)
Start importing Assets/AmplifyShaderEditor/Plugins/EditorResources/UI/Buttons/AddToList.png using Guid(cccc116a6334dc1428687697c5a11d58) Importer(815301076,1909f56bfc062723c751e8b465ee728b)  -> (artifact id: '8d958a249683a7adb836dac623b24468') in 0.020870 seconds 
========================================================================
Received Import Request.
  Time since last request: 0.017106 seconds.
  path: Assets/AmplifyShaderEditor/Examples/Assets/Textures/Sprites/ASEIcon.png
  artifactKey: Guid(80ab37a9e4f49c842903bb43bdd7bcd2) Importer(815301076,1909f56bfc062723c751e8b465ee728b)
Start importing Assets/AmplifyShaderEditor/Examples/Assets/Textures/Sprites/ASEIcon.png using Guid(80ab37a9e4f49c842903bb43bdd7bcd2) Importer(815301076,1909f56bfc062723c751e8b465ee728b)  -> (artifact id: 'd4b9c5de038e2f10601bd3369a9b0f8c') in 0.106120 seconds 
========================================================================
Received Import Request.
  Time since last request: 0.000023 seconds.
  path: Assets/AmplifyShaderEditor/Plugins/EditorResources/Nodes/Bezier1X2AA.png
  artifactKey: Guid(06e687f68dd96f0448c6d8217bbcf608) Importer(815301076,1909f56bfc062723c751e8b465ee728b)
Start importing Assets/AmplifyShaderEditor/Plugins/EditorResources/Nodes/Bezier1X2AA.png using Guid(06e687f68dd96f0448c6d8217bbcf608) Importer(815301076,1909f56bfc062723c751e8b465ee728b)  -> (artifact id: 'b98d28d9fb5e40c6084d9100dd0830fe') in 0.018039 seconds 
========================================================================
Received Import Request.
  Time since last request: 0.000046 seconds.
  path: Assets/AmplifyShaderEditor/Plugins/EditorResources/Textures/black.png
  artifactKey: Guid(7a170cdb7cc88024cb628cfcdbb6705c) Importer(815301076,1909f56bfc062723c751e8b465ee728b)
Start importing Assets/AmplifyShaderEditor/Plugins/EditorResources/Textures/black.png using Guid(7a170cdb7cc88024cb628cfcdbb6705c) Importer(815301076,1909f56bfc062723c751e8b465ee728b)  -> (artifact id: 'e31571e9fa40ddb669926817e4963983') in 0.015620 seconds 
========================================================================
Received Import Request.
  Time since last request: 0.000039 seconds.
  path: Assets/AmplifyShaderEditor/Plugins/EditorResources/UI/Nodes/BlueNormalBase.png
  artifactKey: Guid(60c283ffa9a758646ab70a2fe7ff5f71) Importer(815301076,1909f56bfc062723c751e8b465ee728b)
Start importing Assets/AmplifyShaderEditor/Plugins/EditorResources/UI/Nodes/BlueNormalBase.png using Guid(60c283ffa9a758646ab70a2fe7ff5f71) Importer(815301076,1909f56bfc062723c751e8b465ee728b)  -> (artifact id: '49e4fddf10bd32bdee0ec1673a8c031e') in 0.019124 seconds 
========================================================================
Received Import Request.
  Time since last request: 124.825851 seconds.
  path: Assets/AmplifyShaderEditor/Examples/Assets/Textures/Decals/Decal_MaskMap.tga
  artifactKey: Guid(abafce4eb8166734d8a923d7eb05aa79) Importer(815301076,1909f56bfc062723c751e8b465ee728b)
Start importing Assets/AmplifyShaderEditor/Examples/Assets/Textures/Decals/Decal_MaskMap.tga using Guid(abafce4eb8166734d8a923d7eb05aa79) Importer(815301076,1909f56bfc062723c751e8b465ee728b)  -> (artifact id: '6324b5abf867b8282c36c2488da49e2d') in 0.022600 seconds 
========================================================================
Received Import Request.
  Time since last request: 0.000040 seconds.
  path: Assets/AmplifyShaderEditor/Examples/Assets/Textures/Decals/dirt_decal_mask.tga
  artifactKey: Guid(5eb344b0d2df6894484b5d44dbd0fc33) Importer(815301076,1909f56bfc062723c751e8b465ee728b)
Start importing Assets/AmplifyShaderEditor/Examples/Assets/Textures/Decals/dirt_decal_mask.tga using Guid(5eb344b0d2df6894484b5d44dbd0fc33) Importer(815301076,1909f56bfc062723c751e8b465ee728b)  -> (artifact id: 'a5a42c2e4005b9ba376544eedab9cadc') in 0.024500 seconds 
========================================================================
Received Import Request.
  Time since last request: 0.005664 seconds.
  path: Assets/AmplifyShaderEditor/Examples/Built-In/Community SingleChannelMasking/RedChannelMask.png
  artifactKey: Guid(ae0e8ec300b8a7c478936b1b33b60a38) Importer(815301076,1909f56bfc062723c751e8b465ee728b)
Start importing Assets/AmplifyShaderEditor/Examples/Built-In/Community SingleChannelMasking/RedChannelMask.png using Guid(ae0e8ec300b8a7c478936b1b33b60a38) Importer(815301076,1909f56bfc062723c751e8b465ee728b)  -> (artifact id: '7f0bd7c9a9fce0126f8868c6295a4adf') in 0.017903 seconds 
========================================================================
Received Import Request.
  Time since last request: 7.719321 seconds.
  path: Assets/AmplifyShaderEditor/Plugins/EditorResources/UI/Nodes/BlueNormalBaseSquare.png
  artifactKey: Guid(d179c8744f837da49ab92aae04d1ae1c) Importer(815301076,1909f56bfc062723c751e8b465ee728b)
Start importing Assets/AmplifyShaderEditor/Plugins/EditorResources/UI/Nodes/BlueNormalBaseSquare.png using Guid(d179c8744f837da49ab92aae04d1ae1c) Importer(815301076,1909f56bfc062723c751e8b465ee728b)  -> (artifact id: '92fe97052e85e25be580ca56fd1f8e65') in 0.027874 seconds 
========================================================================
Received Import Request.
  Time since last request: 0.013616 seconds.
  path: Assets/AmplifyShaderEditor/Examples/Assets/Textures/SceneTextures/BrushedMetalNormal.tif
  artifactKey: Guid(bd734c29baceb63499732f24fbaea45f) Importer(815301076,1909f56bfc062723c751e8b465ee728b)
Start importing Assets/AmplifyShaderEditor/Examples/Assets/Textures/SceneTextures/BrushedMetalNormal.tif using Guid(bd734c29baceb63499732f24fbaea45f) Importer(815301076,1909f56bfc062723c751e8b465ee728b)  -> (artifact id: '18e54afb104c54221915f2318e597c73') in 0.024397 seconds 
========================================================================
Received Import Request.
  Time since last request: 156.748138 seconds.
  path: Assets/AmplifyShaderEditor/Plugins/EditorResources/UI/Buttons/UpdateUpToDated.png
  artifactKey: Guid(ce30b12fbb3223746bcfef9ea82effe3) Importer(815301076,1909f56bfc062723c751e8b465ee728b)
Start importing Assets/AmplifyShaderEditor/Plugins/EditorResources/UI/Buttons/UpdateUpToDated.png using Guid(ce30b12fbb3223746bcfef9ea82effe3) Importer(815301076,1909f56bfc062723c751e8b465ee728b)  -> (artifact id: 'b86874f0e076b4926ae0546ca160bae4') in 0.016388 seconds 
========================================================================
Received Import Request.
  Time since last request: 0.000042 seconds.
  path: Assets/AmplifyShaderEditor/Examples/Built-In/UVLightReveal/UVLight.jpg
  artifactKey: Guid(d611d6f49dd07344aa1277ada0f6bf6c) Importer(815301076,1909f56bfc062723c751e8b465ee728b)
Start importing Assets/AmplifyShaderEditor/Examples/Built-In/UVLightReveal/UVLight.jpg using Guid(d611d6f49dd07344aa1277ada0f6bf6c) Importer(815301076,1909f56bfc062723c751e8b465ee728b)  -> (artifact id: 'd7dec30f81652b9f3b5975bb25a35960') in 0.038049 seconds 
========================================================================
Received Import Request.
  Time since last request: 0.074580 seconds.
  path: Assets/AmplifyShaderEditor/Plugins/EditorResources/UI/Buttons/UpdateOFF.png
  artifactKey: Guid(99d70ac09b4db9742b404c3f92d8564b) Importer(815301076,1909f56bfc062723c751e8b465ee728b)
Start importing Assets/AmplifyShaderEditor/Plugins/EditorResources/UI/Buttons/UpdateOFF.png using Guid(99d70ac09b4db9742b404c3f92d8564b) Importer(815301076,1909f56bfc062723c751e8b465ee728b)  -> (artifact id: '07c28362878af8d0dfbc6170180a08ec') in 0.021787 seconds 
========================================================================
Received Import Request.
  Time since last request: 1.801756 seconds.
  path: Assets/AmplifyShaderEditor/Plugins/EditorResources/Nodes/MasterNodeIconON.png
  artifactKey: Guid(26c64fcee91024a49980ea2ee9d1a2fb) Importer(815301076,1909f56bfc062723c751e8b465ee728b)
Start importing Assets/AmplifyShaderEditor/Plugins/EditorResources/Nodes/MasterNodeIconON.png using Guid(26c64fcee91024a49980ea2ee9d1a2fb) Importer(815301076,1909f56bfc062723c751e8b465ee728b)  -> (artifact id: '70934bf8bc517185609e964effba576c') in 0.037157 seconds 
========================================================================
Received Import Request.
  Time since last request: 66.227318 seconds.
  path: Assets/AmplifyShaderEditor/Examples/Built-In/Matcap/Matcap.mat
  artifactKey: Guid(da8aaaf01fe8f2b46b2fbcb803bd7af4) Importer(815301076,1909f56bfc062723c751e8b465ee728b)
Start importing Assets/AmplifyShaderEditor/Examples/Built-In/Matcap/Matcap.mat using Guid(da8aaaf01fe8f2b46b2fbcb803bd7af4) Importer(815301076,1909f56bfc062723c751e8b465ee728b)  -> (artifact id: 'b94afcdd7d8e9a489b87dbb75acda568') in 0.295029 seconds 
========================================================================
Received Import Request.
  Time since last request: 0.000033 seconds.
  path: Assets/AmplifyShaderEditor/Examples/Built-In/Community EnvironmentGradient/Materials/No Name.mat
  artifactKey: Guid(8eb138da9cfb36a4d9cb018bb20eae0a) Importer(815301076,1909f56bfc062723c751e8b465ee728b)
Start importing Assets/AmplifyShaderEditor/Examples/Built-In/Community EnvironmentGradient/Materials/No Name.mat using Guid(8eb138da9cfb36a4d9cb018bb20eae0a) Importer(815301076,1909f56bfc062723c751e8b465ee728b)  -> (artifact id: 'f350b39a48eded1b551b828e9eae6677') in 0.043920 seconds 
========================================================================
Received Import Request.
  Time since last request: 0.000040 seconds.
  path: Assets/AmplifyShaderEditor/Examples/Built-In/OrientationBasedSprite/OrientationBasedSprite.mat
  artifactKey: Guid(b492ac38acf06614fb49949573c5784b) Importer(815301076,1909f56bfc062723c751e8b465ee728b)
Start importing Assets/AmplifyShaderEditor/Examples/Built-In/OrientationBasedSprite/OrientationBasedSprite.mat using Guid(b492ac38acf06614fb49949573c5784b) Importer(815301076,1909f56bfc062723c751e8b465ee728b)  -> (artifact id: 'edde7526274480a0f69a36f6597de8d7') in 0.112393 seconds 
========================================================================
Received Import Request.
  Time since last request: 0.000044 seconds.
  path: Assets/Sources/Materials/Metalic/MetalicTemp1.mat
  artifactKey: Guid(78a5f0b9399823941a3934d8e312125f) Importer(815301076,1909f56bfc062723c751e8b465ee728b)
Start importing Assets/Sources/Materials/Metalic/MetalicTemp1.mat using Guid(78a5f0b9399823941a3934d8e312125f) Importer(815301076,1909f56bfc062723c751e8b465ee728b)  -> (artifact id: '4f76c598d858438a0f94d708b6577ea8') in 0.152030 seconds 
========================================================================
Received Import Request.
  Time since last request: 0.000038 seconds.
  path: Assets/AmplifyShaderEditor/Examples/Assets/Models/Materials/No Name.mat
  artifactKey: Guid(aee9db7cb859de24f94e1290bccd1a3f) Importer(815301076,1909f56bfc062723c751e8b465ee728b)
Start importing Assets/AmplifyShaderEditor/Examples/Assets/Models/Materials/No Name.mat using Guid(aee9db7cb859de24f94e1290bccd1a3f) Importer(815301076,1909f56bfc062723c751e8b465ee728b)  -> (artifact id: '59c95318d8d7fdba5605fced99874b0a') in 0.016358 seconds 
========================================================================
Received Import Request.
  Time since last request: 0.000046 seconds.
  path: Assets/AmplifyShaderEditor/Examples/Built-In/Extrusion/NormalExtrusion.mat
  artifactKey: Guid(70a5800fbba039f46b438a2055bc6c71) Importer(815301076,1909f56bfc062723c751e8b465ee728b)
Start importing Assets/AmplifyShaderEditor/Examples/Built-In/Extrusion/NormalExtrusion.mat using Guid(70a5800fbba039f46b438a2055bc6c71) Importer(815301076,1909f56bfc062723c751e8b465ee728b)  -> (artifact id: '3ef5bd9a389ee9bbde4581ba5a28eb88') in 0.282065 seconds 
========================================================================
Received Import Request.
  Time since last request: 0.000029 seconds.
  path: Assets/AmplifyShaderEditor/Examples/Built-In/Community LowPolyWater/LowPolyWater.mat
  artifactKey: Guid(0557703d3791a4286a62f8ee709d5bef) Importer(815301076,1909f56bfc062723c751e8b465ee728b)
Start importing Assets/AmplifyShaderEditor/Examples/Built-In/Community LowPolyWater/LowPolyWater.mat using Guid(0557703d3791a4286a62f8ee709d5bef) Importer(815301076,1909f56bfc062723c751e8b465ee728b)  -> (artifact id: '2e0f392021046fa332ce2b437923ea9e') in 0.159525 seconds 
========================================================================
Received Import Request.
  Time since last request: 0.000046 seconds.
  path: Assets/AmplifyShaderEditor/Examples/Built-In/Community Skybox Cubemap Extended/Materials/LowPoly - FirTreeVariation.mat
  artifactKey: Guid(a243cdacb4634124b1ce2b0b7cb5d95d) Importer(815301076,1909f56bfc062723c751e8b465ee728b)
Start importing Assets/AmplifyShaderEditor/Examples/Built-In/Community Skybox Cubemap Extended/Materials/LowPoly - FirTreeVariation.mat using Guid(a243cdacb4634124b1ce2b0b7cb5d95d) Importer(815301076,1909f56bfc062723c751e8b465ee728b)  -> (artifact id: 'd8100ef23ab1df996c2839a43460b708') in 0.032314 seconds 
========================================================================
Received Import Request.
  Time since last request: 0.000029 seconds.
  path: Assets/AmplifyShaderEditor/Examples/Built-In/ReadFromAtlasTiled/ImprovedReadFromAtlasTiled.mat
  artifactKey: Guid(941b31b251ea8e74f9198d788a604c9b) Importer(815301076,1909f56bfc062723c751e8b465ee728b)
Start importing Assets/AmplifyShaderEditor/Examples/Built-In/ReadFromAtlasTiled/ImprovedReadFromAtlasTiled.mat using Guid(941b31b251ea8e74f9198d788a604c9b) Importer(815301076,1909f56bfc062723c751e8b465ee728b)  -> (artifact id: '34e8c65b4481ea18a0033347cb2cfac9') in 0.254418 seconds 
========================================================================
Received Import Request.
  Time since last request: 0.000031 seconds.
  path: Assets/AmplifyShaderEditor/Examples/Built-In/Community Volumetric Pixelization/GoldenMetal.mat
  artifactKey: Guid(2d735b2134985d84583f73a02327c107) Importer(815301076,1909f56bfc062723c751e8b465ee728b)
Start importing Assets/AmplifyShaderEditor/Examples/Built-In/Community Volumetric Pixelization/GoldenMetal.mat using Guid(2d735b2134985d84583f73a02327c107) Importer(815301076,1909f56bfc062723c751e8b465ee728b)  -> (artifact id: 'fd91402571dc7c33c56e111fe6846f58') in 0.026961 seconds 
========================================================================
Received Import Request.
  Time since last request: 0.000041 seconds.
  path: Assets/AmplifyShaderEditor/Examples/Built-In/SimpleTerrain/GrassBlades.mat
  artifactKey: Guid(6d75bdcc0e1f2eb47bb7d12876e72920) Importer(815301076,1909f56bfc062723c751e8b465ee728b)
Start importing Assets/AmplifyShaderEditor/Examples/Built-In/SimpleTerrain/GrassBlades.mat using Guid(6d75bdcc0e1f2eb47bb7d12876e72920) Importer(815301076,1909f56bfc062723c751e8b465ee728b)  -> (artifact id: 'd3b7c4beeded79b6c33434ec7fe3c00e') in 0.576261 seconds 
========================================================================
Received Import Request.
  Time since last request: 0.000049 seconds.
  path: Assets/AmplifyShaderEditor/Examples/Built-In/Community HighlightAnimated/Highlight_Animated.mat
  artifactKey: Guid(3d232e7526f6e426cab994cbec1fc287) Importer(815301076,1909f56bfc062723c751e8b465ee728b)
Start importing Assets/AmplifyShaderEditor/Examples/Built-In/Community HighlightAnimated/Highlight_Animated.mat using Guid(3d232e7526f6e426cab994cbec1fc287) Importer(815301076,1909f56bfc062723c751e8b465ee728b)  -> (artifact id: '0ed88d185137a3462fb5888923befff7') in 0.280455 seconds 
========================================================================
Received Import Request.
  Time since last request: 1.704044 seconds.
  path: Assets/AmplifyShaderEditor/Examples/Built-In/Community 2Sided/2Sided.mat
  artifactKey: Guid(8ebbbf2c99a544ca780a2573ef1450fc) Importer(815301076,1909f56bfc062723c751e8b465ee728b)
Start importing Assets/AmplifyShaderEditor/Examples/Built-In/Community 2Sided/2Sided.mat using Guid(8ebbbf2c99a544ca780a2573ef1450fc) Importer(815301076,1909f56bfc062723c751e8b465ee728b)  -> (artifact id: '49ec13277ba018fa19d8498f7c11dbba') in 0.337825 seconds 
========================================================================
Received Import Request.
  Time since last request: 0.000037 seconds.
  path: Assets/AmplifyShaderEditor/Examples/Assets/Materials/BrushedMetal.mat
  artifactKey: Guid(e6fb7eca82ae15848ac7abe815d2dc0c) Importer(815301076,1909f56bfc062723c751e8b465ee728b)
Start importing Assets/AmplifyShaderEditor/Examples/Assets/Materials/BrushedMetal.mat using Guid(e6fb7eca82ae15848ac7abe815d2dc0c) Importer(815301076,1909f56bfc062723c751e8b465ee728b)  -> (artifact id: 'bb2626b1f96ee6f03b01de7b41a5241e') in 0.028117 seconds 
========================================================================
Received Import Request.
  Time since last request: 0.000036 seconds.
  path: Assets/AmplifyShaderEditor/Examples/Built-In/PlaneClip/Materials/base.mat
  artifactKey: Guid(564b967f5e035ab45b4bd1e9bc9e2fa0) Importer(815301076,1909f56bfc062723c751e8b465ee728b)
Start importing Assets/AmplifyShaderEditor/Examples/Built-In/PlaneClip/Materials/base.mat using Guid(564b967f5e035ab45b4bd1e9bc9e2fa0) Importer(815301076,1909f56bfc062723c751e8b465ee728b)  -> (artifact id: '55079f269e477844d13cef63150f30d9') in 0.386274 seconds 
========================================================================
Received Import Request.
  Time since last request: 0.000030 seconds.
  path: Assets/AmplifyShaderEditor/Examples/Built-In/StencilExample/RefractionsPanels/AnimatedRefractionGreen.mat
  artifactKey: Guid(b77b756311bd9db468e4adfd33652476) Importer(815301076,1909f56bfc062723c751e8b465ee728b)
Start importing Assets/AmplifyShaderEditor/Examples/Built-In/StencilExample/RefractionsPanels/AnimatedRefractionGreen.mat using Guid(b77b756311bd9db468e4adfd33652476) Importer(815301076,1909f56bfc062723c751e8b465ee728b)  -> (artifact id: '11e78199becdc3a7a5bf2213334be6d3') in 0.261416 seconds 
========================================================================
Received Import Request.
  Time since last request: 0.000047 seconds.
  path: Assets/AmplifyShaderEditor/Examples/Built-In/XRay/ProceduralWall.mat
  artifactKey: Guid(3829156debc25ee4cbc37592b8c18ea2) Importer(815301076,1909f56bfc062723c751e8b465ee728b)
Start importing Assets/AmplifyShaderEditor/Examples/Built-In/XRay/ProceduralWall.mat using Guid(3829156debc25ee4cbc37592b8c18ea2) Importer(815301076,1909f56bfc062723c751e8b465ee728b)  -> (artifact id: 'a7e75ba480e99df570d48a2c2bd122f1') in 0.712139 seconds 
========================================================================
Received Import Request.
  Time since last request: 2.855925 seconds.
  path: Assets/Sources/Materials/Fire/BurnTemp.mat
  artifactKey: Guid(3db6c7fac3974284b9a35fce6153f882) Importer(815301076,1909f56bfc062723c751e8b465ee728b)
Start importing Assets/Sources/Materials/Fire/BurnTemp.mat using Guid(3db6c7fac3974284b9a35fce6153f882) Importer(815301076,1909f56bfc062723c751e8b465ee728b)  -> (artifact id: 'e0822e9421fb9e60dd0973060df69fc6') in 0.367850 seconds 
========================================================================
Received Import Request.
  Time since last request: 0.000095 seconds.
  path: Assets/AmplifyShaderEditor/Examples/Assets/Materials/CalibrationFloor.mat
  artifactKey: Guid(da2c233b59617744588b18235eda5f56) Importer(815301076,1909f56bfc062723c751e8b465ee728b)
Start importing Assets/AmplifyShaderEditor/Examples/Assets/Materials/CalibrationFloor.mat using Guid(da2c233b59617744588b18235eda5f56) Importer(815301076,1909f56bfc062723c751e8b465ee728b)  -> (artifact id: '8f4220bed31cbc59c00918f56f026bc2') in 0.028274 seconds 
========================================================================
Received Import Request.
  Time since last request: 0.089258 seconds.
  path: Assets/AmplifyShaderEditor/Examples/Built-In/PlaneClip/ClipArea.mat
  artifactKey: Guid(4e1f60a36beb7dd43a84f5a36992494f) Importer(815301076,1909f56bfc062723c751e8b465ee728b)
Start importing Assets/AmplifyShaderEditor/Examples/Built-In/PlaneClip/ClipArea.mat using Guid(4e1f60a36beb7dd43a84f5a36992494f) Importer(815301076,1909f56bfc062723c751e8b465ee728b)  -> (artifact id: 'a6809d08428ebad08c9133f5b4dec6eb') in 0.127968 seconds 
========================================================================
Received Import Request.
  Time since last request: 0.000039 seconds.
  path: Assets/AmplifyShaderEditor/Examples/Built-In/CustomOutlineToon/CustomOutlineToonStyle2.mat
  artifactKey: Guid(ebcb8434bab99754da5ca8839fdce3ad) Importer(815301076,1909f56bfc062723c751e8b465ee728b)
Start importing Assets/AmplifyShaderEditor/Examples/Built-In/CustomOutlineToon/CustomOutlineToonStyle2.mat using Guid(ebcb8434bab99754da5ca8839fdce3ad) Importer(815301076,1909f56bfc062723c751e8b465ee728b)  -> (artifact id: '84f403f02bba34f164c00370df3e1b1b') in 0.722140 seconds 
========================================================================
Received Import Request.
  Time since last request: 0.000044 seconds.
  path: Assets/AmplifyShaderEditor/Examples/Built-In/Community Dissolve Burn/DissolveBurn.mat
  artifactKey: Guid(f144f2d7ff3daf349a2b7f0fd81ec8ac) Importer(815301076,1909f56bfc062723c751e8b465ee728b)
Start importing Assets/AmplifyShaderEditor/Examples/Built-In/Community Dissolve Burn/DissolveBurn.mat using Guid(f144f2d7ff3daf349a2b7f0fd81ec8ac) Importer(815301076,1909f56bfc062723c751e8b465ee728b)  -> (artifact id: 'd28062cbf3f8e4480ab57d5209ee8677') in 0.316341 seconds 
========================================================================
Received Import Request.
  Time since last request: 0.000034 seconds.
  path: Assets/AmplifyShaderEditor/Examples/Built-In/Dithering/DitheringFadeBlueNoise.mat
  artifactKey: Guid(0a9a111a2ce97bd4f8f5b2e069c2014b) Importer(815301076,1909f56bfc062723c751e8b465ee728b)
Start importing Assets/AmplifyShaderEditor/Examples/Built-In/Dithering/DitheringFadeBlueNoise.mat using Guid(0a9a111a2ce97bd4f8f5b2e069c2014b) Importer(815301076,1909f56bfc062723c751e8b465ee728b)  -> (artifact id: '0da5597a139467aa8df7f20feae3e7cb') in 0.028217 seconds 
========================================================================
Received Import Request.
  Time since last request: 2.276272 seconds.
  path: Assets/AmplifyShaderEditor/Examples/Built-In/Community Volumetric Pixelization/Dull.mat
  artifactKey: Guid(4526c7347dbbfe24aa85555e20c6fbb5) Importer(815301076,1909f56bfc062723c751e8b465ee728b)
Start importing Assets/AmplifyShaderEditor/Examples/Built-In/Community Volumetric Pixelization/Dull.mat using Guid(4526c7347dbbfe24aa85555e20c6fbb5) Importer(815301076,1909f56bfc062723c751e8b465ee728b)  -> (artifact id: '093b38fef09a6ed52cdee0d73caeefc4') in 0.021865 seconds 
========================================================================
Received Import Request.
  Time since last request: 0.000030 seconds.
  path: Assets/AmplifyShaderEditor/Examples/Built-In/PlaneClip/Materials/embankment_01.mat
  artifactKey: Guid(da0ecd25f4ffde0449c4de829e2fd253) Importer(815301076,1909f56bfc062723c751e8b465ee728b)
Start importing Assets/AmplifyShaderEditor/Examples/Built-In/PlaneClip/Materials/embankment_01.mat using Guid(da0ecd25f4ffde0449c4de829e2fd253) Importer(815301076,1909f56bfc062723c751e8b465ee728b)  -> (artifact id: '57c27e9ffa96ac974aa3feb29dddf57e') in 0.022882 seconds 
========================================================================
Received Import Request.
  Time since last request: 0.631822 seconds.
  path: Assets/AmplifyShaderEditor/Examples/Built-In/Community EnvironmentGradient/EnvironmentGradient.mat
  artifactKey: Guid(b64adae401bc073408ac7bff0993c107) Importer(815301076,1909f56bfc062723c751e8b465ee728b)
Start importing Assets/AmplifyShaderEditor/Examples/Built-In/Community EnvironmentGradient/EnvironmentGradient.mat using Guid(b64adae401bc073408ac7bff0993c107) Importer(815301076,1909f56bfc062723c751e8b465ee728b)  -> (artifact id: 'c70407f82cad82a3acf04d68ad788cec') in 0.325391 seconds 
========================================================================
Received Import Request.
  Time since last request: 0.095357 seconds.
  path: Assets/AmplifyShaderEditor/Examples/Built-In/PlaneClip/Materials/foundation.mat
  artifactKey: Guid(c64c850baa4d5e84c9c62d9924bdb3ec) Importer(815301076,1909f56bfc062723c751e8b465ee728b)
Start importing Assets/AmplifyShaderEditor/Examples/Built-In/PlaneClip/Materials/foundation.mat using Guid(c64c850baa4d5e84c9c62d9924bdb3ec) Importer(815301076,1909f56bfc062723c751e8b465ee728b)  -> (artifact id: 'f70a8ec2c471e04fc607a47e370b731a') in 0.024700 seconds 
========================================================================
Received Import Request.
  Time since last request: 24.149485 seconds.
  path: Assets/AmplifyShaderEditor/Examples/Built-In/PositionCutoff/WorldPosCutOff 2.mat
  artifactKey: Guid(c0ec2b71fc169904e8aedc1c56e0375d) Importer(815301076,1909f56bfc062723c751e8b465ee728b)
Start importing Assets/AmplifyShaderEditor/Examples/Built-In/PositionCutoff/WorldPosCutOff 2.mat using Guid(c0ec2b71fc169904e8aedc1c56e0375d) Importer(815301076,1909f56bfc062723c751e8b465ee728b)  -> (artifact id: '82d09aaa26bf011f4243beccbd90be7e') in 0.409211 seconds 
========================================================================
Received Import Request.
  Time since last request: 309.085773 seconds.
  path: Assets/AmplifyShaderEditor/Examples/Assets/Textures/SceneTextures/CalibrationFloorSpecularGloss.tif
  artifactKey: Guid(f6df8509372384f48bb3fa1a762ba9b3) Importer(815301076,1909f56bfc062723c751e8b465ee728b)
Start importing Assets/AmplifyShaderEditor/Examples/Assets/Textures/SceneTextures/CalibrationFloorSpecularGloss.tif using Guid(f6df8509372384f48bb3fa1a762ba9b3) Importer(815301076,1909f56bfc062723c751e8b465ee728b)  -> (artifact id: '86781ff16a8c7e20e8376c7f1f839d2a') in 0.023112 seconds 
========================================================================
Received Import Request.
  Time since last request: 0.000032 seconds.
  path: Assets/AmplifyShaderEditor/Plugins/EditorResources/UI/Buttons/CustomExpAddIconActive.png
  artifactKey: Guid(52bbe770f45f531419e44a69be67ccba) Importer(815301076,1909f56bfc062723c751e8b465ee728b)
Start importing Assets/AmplifyShaderEditor/Plugins/EditorResources/UI/Buttons/CustomExpAddIconActive.png using Guid(52bbe770f45f531419e44a69be67ccba) Importer(815301076,1909f56bfc062723c751e8b465ee728b)  -> (artifact id: '745c710917318fd0cab7e5231071df74') in 0.022877 seconds 
========================================================================
Received Import Request.
  Time since last request: 0.000022 seconds.
  path: Assets/AmplifyShaderEditor/Plugins/EditorResources/UI/Canvas/MainCanvasTitleBg.png
  artifactKey: Guid(bdb42c87b8801e94e886c5c0d60b3014) Importer(815301076,1909f56bfc062723c751e8b465ee728b)
Start importing Assets/AmplifyShaderEditor/Plugins/EditorResources/UI/Canvas/MainCanvasTitleBg.png using Guid(bdb42c87b8801e94e886c5c0d60b3014) Importer(815301076,1909f56bfc062723c751e8b465ee728b)  -> (artifact id: '677e1a8866f3fed638537620db7caa8b') in 0.027437 seconds 
========================================================================
Received Import Request.
  Time since last request: 0.000026 seconds.
  path: Assets/AmplifyShaderEditor/Plugins/EditorResources/UI/Buttons/Options.png
  artifactKey: Guid(36aa64354f0ba4844af761a937eea4df) Importer(815301076,1909f56bfc062723c751e8b465ee728b)
Start importing Assets/AmplifyShaderEditor/Plugins/EditorResources/UI/Buttons/Options.png using Guid(36aa64354f0ba4844af761a937eea4df) Importer(815301076,1909f56bfc062723c751e8b465ee728b)  -> (artifact id: 'd7270359046902cf62832ebfef3001d4') in 0.018829 seconds 
========================================================================
Received Import Request.
  Time since last request: 0.000031 seconds.
  path: Assets/AmplifyShaderEditor/Examples/Built-In/Community LowPolyWater/foam-distortion-001.png
  artifactKey: Guid(cd460ee4ac5c1e746b7a734cc7cc64dd) Importer(815301076,1909f56bfc062723c751e8b465ee728b)
Start importing Assets/AmplifyShaderEditor/Examples/Built-In/Community LowPolyWater/foam-distortion-001.png using Guid(cd460ee4ac5c1e746b7a734cc7cc64dd) Importer(815301076,1909f56bfc062723c751e8b465ee728b)  -> (artifact id: '1c4820b94da175837d5de22c84c52602') in 0.022994 seconds 
========================================================================
Received Import Request.
  Time since last request: 1.041405 seconds.
  path: Assets/AmplifyShaderEditor/Plugins/EditorResources/UI/Canvas/ShaderFunctionIcon.png
  artifactKey: Guid(50be8291f9514914aa55c66c49da67cf) Importer(815301076,1909f56bfc062723c751e8b465ee728b)
Start importing Assets/AmplifyShaderEditor/Plugins/EditorResources/UI/Canvas/ShaderFunctionIcon.png using Guid(50be8291f9514914aa55c66c49da67cf) Importer(815301076,1909f56bfc062723c751e8b465ee728b)  -> (artifact id: '4018fbdd9b7c7f07bd796fad395b6a18') in 0.021103 seconds 
========================================================================
Received Import Request.
  Time since last request: 0.268725 seconds.
  path: Assets/AmplifyShaderEditor/Plugins/EditorResources/UI/Canvas/ShaderModeMatIcon.png
  artifactKey: Guid(6f410c15ce9be2741bae77a30a336748) Importer(815301076,1909f56bfc062723c751e8b465ee728b)
Start importing Assets/AmplifyShaderEditor/Plugins/EditorResources/UI/Canvas/ShaderModeMatIcon.png using Guid(6f410c15ce9be2741bae77a30a336748) Importer(815301076,1909f56bfc062723c751e8b465ee728b)  -> (artifact id: 'aa51d5d9731ac7005d0f41158b790dfb') in 0.019321 seconds 
========================================================================
Received Prepare
Registering precompiled user dll's ...
Registered in 0.006204 seconds.
Begin MonoManager ReloadAssembly
Symbol file LoadedFromMemory doesn't match image D:\UnityProjects\RoadToTeachArt\RoadToTechArt\Library\PackageCache\com.unity.visualscripting@1.7.8\Editor\VisualScripting.Core\Dependencies\YamlDotNet\Unity.VisualScripting.YamlDotNet.dll
Symbol file LoadedFromMemory doesn't match image D:\UnityProjects\RoadToTeachArt\RoadToTechArt\Library\PackageCache\com.unity.visualscripting@1.7.8\Editor\VisualScripting.Core\Dependencies\DotNetZip\Unity.VisualScripting.IonicZip.dll
Native extension for UWP target not found
Native extension for WindowsStandalone target not found
Native extension for Android target not found
Native extension for OSXStandalone target not found
Refreshing native plugins compatible for Editor in 1.37 ms, found 3 plugins.
Preloading 0 native plugins for Editor in 0.00 ms.
Mono: successfully reloaded assembly
- Completed reload, in  2.032 seconds
Domain Reload Profiling:
	ReloadAssembly (2033ms)
		BeginReloadAssembly (229ms)
			ExecutionOrderSort (0ms)
			DisableScriptedObjects (8ms)
			BackupInstance (0ms)
			ReleaseScriptingObjects (0ms)
			CreateAndSetChildDomain (61ms)
		EndReloadAssembly (1622ms)
			LoadAssemblies (150ms)
			RebuildTransferFunctionScriptingTraits (0ms)
			SetupTypeCache (512ms)
				TypeCache.Initialize (503ms)
					TypeCache.ScanAssembly (493ms)
				ResolveRequiredComponents (9ms)
			ReleaseScriptCaches (3ms)
			RebuildScriptCaches (146ms)
			SetupLoadedEditorAssemblies (715ms)
				LogAssemblyErrors (0ms)
				InitializePlatformSupportModulesInManaged (55ms)
				SetLoadedEditorAssemblies (16ms)
				RefreshPlugins (1ms)
				BeforeProcessingInitializeOnLoad (126ms)
				ProcessInitializeOnLoadAttributes (446ms)
				ProcessInitializeOnLoadMethodAttributes (54ms)
				AfterProcessingInitializeOnLoad (15ms)
				EditorAssembliesLoaded (1ms)
			ExecutionOrderSort2 (0ms)
			AwakeInstancesAfterBackupRestoration (10ms)
Platform modules already initialized, skipping
Shader 'Hidden/Universal/2D Custom Lit': fallback shader 'Hidden/Shader Graph/FallbackError' not found
Shader 'Hidden/Universal/Decals': fallback shader 'Hidden/Shader Graph/FallbackError' not found
Shader 'Hidden/Universal/2D Custom Lit': fallback shader 'Hidden/Shader Graph/FallbackError' not found
Shader 'ASESampleShaders/Terrain/TerrainSnowCoverageFirstPass': dependency 'BaseMapShader' shader 'ASESampleShaders/TerrainBase' not found
Shader 'Hidden/Universal/Decals': fallback shader 'Hidden/Shader Graph/FallbackError' not found
Refreshing native plugins compatible for Editor in 2.50 ms, found 3 plugins.
Preloading 0 native plugins for Editor in 0.00 ms.
Unloading 3865 Unused Serialized files (Serialized files now loaded: 0)
Unloading 25 unused Assets / (1.2 MB). Loaded Objects now: 4708.
Memory consumption went from 0.65 GB to 0.65 GB.
Total: 5.343000 ms (FindLiveObjects: 0.470600 ms CreateObjectMapping: 0.493400 ms MarkObjects: 3.775700 ms  DeleteObjects: 0.601900 ms)

AssetImportParameters requested are different than current active one (requested -> active):
  custom:video-decoder-ogg-theora: a1e56fd34408186e4bbccfd4996cb3dc -> 
  custom:container-muxer-webm: aa71ff27fc2769a1b78a27578f13a17b -> 
  custom:container-demuxer-webm: 4f35f7cbe854078d1ac9338744f61a02 -> 
  custom:video-encoder-webm-vp8: eb34c28f22e8b96e1ab97ce403110664 -> 
  custom:audio-encoder-webm-vorbis: bf7c407c2cedff20999df2af8eb42d56 -> 
  custom:framework-win-MediaFoundation: 216162199b28c13a410421893ffa2e32 -> 
  custom:container-demuxer-ogg: 62fdf1f143b41e24485cea50d1cbac27 -> 
  custom:video-decoder-webm-vp8: 9c59270c3fd7afecdb556c50c9e8de78 -> 
  custom:audio-decoder-ogg-vorbis: bf7c407c2cedff20999df2af8eb42d56 -> 
========================================================================
Received Prepare
Registering precompiled user dll's ...
Registered in 0.004796 seconds.
Begin MonoManager ReloadAssembly
Symbol file LoadedFromMemory doesn't match image D:\UnityProjects\RoadToTeachArt\RoadToTechArt\Library\PackageCache\com.unity.visualscripting@1.7.8\Editor\VisualScripting.Core\Dependencies\YamlDotNet\Unity.VisualScripting.YamlDotNet.dll
Symbol file LoadedFromMemory doesn't match image D:\UnityProjects\RoadToTeachArt\RoadToTechArt\Library\PackageCache\com.unity.visualscripting@1.7.8\Editor\VisualScripting.Core\Dependencies\DotNetZip\Unity.VisualScripting.IonicZip.dll
Native extension for UWP target not found
Native extension for WindowsStandalone target not found
Native extension for Android target not found
Native extension for OSXStandalone target not found
Refreshing native plugins compatible for Editor in 1.38 ms, found 3 plugins.
Preloading 0 native plugins for Editor in 0.00 ms.
Mono: successfully reloaded assembly
- Completed reload, in  2.156 seconds
Domain Reload Profiling:
	ReloadAssembly (2157ms)
		BeginReloadAssembly (396ms)
			ExecutionOrderSort (0ms)
			DisableScriptedObjects (9ms)
			BackupInstance (0ms)
			ReleaseScriptingObjects (0ms)
			CreateAndSetChildDomain (76ms)
		EndReloadAssembly (1568ms)
			LoadAssemblies (189ms)
			RebuildTransferFunctionScriptingTraits (0ms)
			SetupTypeCache (507ms)
				TypeCache.Initialize (500ms)
					TypeCache.ScanAssembly (489ms)
				ResolveRequiredComponents (6ms)
			ReleaseScriptCaches (3ms)
			RebuildScriptCaches (137ms)
			SetupLoadedEditorAssemblies (675ms)
				LogAssemblyErrors (0ms)
				InitializePlatformSupportModulesInManaged (51ms)
				SetLoadedEditorAssemblies (16ms)
				RefreshPlugins (1ms)
				BeforeProcessingInitializeOnLoad (128ms)
				ProcessInitializeOnLoadAttributes (406ms)
				ProcessInitializeOnLoadMethodAttributes (55ms)
				AfterProcessingInitializeOnLoad (17ms)
				EditorAssembliesLoaded (1ms)
			ExecutionOrderSort2 (0ms)
			AwakeInstancesAfterBackupRestoration (11ms)
Platform modules already initialized, skipping
Shader 'Hidden/Universal/2D Custom Lit': fallback shader 'Hidden/Shader Graph/FallbackError' not found
Shader 'Hidden/Universal/Decals': fallback shader 'Hidden/Shader Graph/FallbackError' not found
Shader 'Hidden/Universal/Decals': fallback shader 'Hidden/Shader Graph/FallbackError' not found
Shader 'ASESampleShaders/Terrain/TerrainSnowCoverageFirstPass': dependency 'BaseMapShader' shader 'ASESampleShaders/TerrainBase' not found
Shader 'Hidden/Universal/2D Custom Lit': fallback shader 'Hidden/Shader Graph/FallbackError' not found
Refreshing native plugins compatible for Editor in 2.87 ms, found 3 plugins.
Preloading 0 native plugins for Editor in 0.00 ms.
Unloading 3865 Unused Serialized files (Serialized files now loaded: 0)
Unloading 25 unused Assets / (1.3 MB). Loaded Objects now: 4711.
Memory consumption went from 0.65 GB to 0.65 GB.
Total: 5.716100 ms (FindLiveObjects: 0.485000 ms CreateObjectMapping: 0.391700 ms MarkObjects: 4.147100 ms  DeleteObjects: 0.687500 ms)

AssetImportParameters requested are different than current active one (requested -> active):
  custom:video-decoder-ogg-theora: a1e56fd34408186e4bbccfd4996cb3dc -> 
  custom:container-muxer-webm: aa71ff27fc2769a1b78a27578f13a17b -> 
  custom:container-demuxer-webm: 4f35f7cbe854078d1ac9338744f61a02 -> 
  custom:video-encoder-webm-vp8: eb34c28f22e8b96e1ab97ce403110664 -> 
  custom:audio-encoder-webm-vorbis: bf7c407c2cedff20999df2af8eb42d56 -> 
  custom:framework-win-MediaFoundation: 216162199b28c13a410421893ffa2e32 -> 
  custom:container-demuxer-ogg: 62fdf1f143b41e24485cea50d1cbac27 -> 
  custom:video-decoder-webm-vp8: 9c59270c3fd7afecdb556c50c9e8de78 -> 
  custom:audio-decoder-ogg-vorbis: bf7c407c2cedff20999df2af8eb42d56 -> 
========================================================================
Received Prepare
Registering precompiled user dll's ...
Registered in 0.006132 seconds.
Begin MonoManager ReloadAssembly
Symbol file LoadedFromMemory doesn't match image D:\UnityProjects\RoadToTeachArt\RoadToTechArt\Library\PackageCache\com.unity.visualscripting@1.7.8\Editor\VisualScripting.Core\Dependencies\YamlDotNet\Unity.VisualScripting.YamlDotNet.dll
Symbol file LoadedFromMemory doesn't match image D:\UnityProjects\RoadToTeachArt\RoadToTechArt\Library\PackageCache\com.unity.visualscripting@1.7.8\Editor\VisualScripting.Core\Dependencies\DotNetZip\Unity.VisualScripting.IonicZip.dll
Native extension for UWP target not found
Native extension for WindowsStandalone target not found
Native extension for Android target not found
Native extension for OSXStandalone target not found
Refreshing native plugins compatible for Editor in 1.47 ms, found 3 plugins.
Preloading 0 native plugins for Editor in 0.00 ms.
Mono: successfully reloaded assembly
- Completed reload, in  1.955 seconds
Domain Reload Profiling:
	ReloadAssembly (1957ms)
		BeginReloadAssembly (224ms)
			ExecutionOrderSort (0ms)
			DisableScriptedObjects (10ms)
			BackupInstance (0ms)
			ReleaseScriptingObjects (0ms)
			CreateAndSetChildDomain (59ms)
		EndReloadAssembly (1555ms)
			LoadAssemblies (158ms)
			RebuildTransferFunctionScriptingTraits (0ms)
			SetupTypeCache (460ms)
				TypeCache.Initialize (451ms)
					TypeCache.ScanAssembly (441ms)
				ResolveRequiredComponents (9ms)
			ReleaseScriptCaches (3ms)
			RebuildScriptCaches (143ms)
			SetupLoadedEditorAssemblies (708ms)
				LogAssemblyErrors (0ms)
				InitializePlatformSupportModulesInManaged (52ms)
				SetLoadedEditorAssemblies (16ms)
				RefreshPlugins (2ms)
				BeforeProcessingInitializeOnLoad (125ms)
				ProcessInitializeOnLoadAttributes (441ms)
				ProcessInitializeOnLoadMethodAttributes (55ms)
				AfterProcessingInitializeOnLoad (18ms)
				EditorAssembliesLoaded (1ms)
			ExecutionOrderSort2 (0ms)
			AwakeInstancesAfterBackupRestoration (11ms)
Platform modules already initialized, skipping
Shader 'Hidden/Universal/2D Custom Lit': fallback shader 'Hidden/Shader Graph/FallbackError' not found
Shader 'Hidden/Universal/Decals': fallback shader 'Hidden/Shader Graph/FallbackError' not found
Shader 'Hidden/Universal/2D Custom Lit': fallback shader 'Hidden/Shader Graph/FallbackError' not found
Shader 'ASESampleShaders/Terrain/TerrainSnowCoverageFirstPass': dependency 'BaseMapShader' shader 'ASESampleShaders/TerrainBase' not found
Shader 'Hidden/Universal/Decals': fallback shader 'Hidden/Shader Graph/FallbackError' not found
Refreshing native plugins compatible for Editor in 2.99 ms, found 3 plugins.
Preloading 0 native plugins for Editor in 0.00 ms.
Unloading 3865 Unused Serialized files (Serialized files now loaded: 0)
Unloading 25 unused Assets / (1.3 MB). Loaded Objects now: 4714.
Memory consumption went from 0.65 GB to 0.65 GB.
Total: 5.860400 ms (FindLiveObjects: 0.441100 ms CreateObjectMapping: 0.452200 ms MarkObjects: 4.327500 ms  DeleteObjects: 0.638100 ms)

AssetImportParameters requested are different than current active one (requested -> active):
  custom:video-decoder-ogg-theora: a1e56fd34408186e4bbccfd4996cb3dc -> 
  custom:container-muxer-webm: aa71ff27fc2769a1b78a27578f13a17b -> 
  custom:container-demuxer-webm: 4f35f7cbe854078d1ac9338744f61a02 -> 
  custom:video-encoder-webm-vp8: eb34c28f22e8b96e1ab97ce403110664 -> 
  custom:audio-encoder-webm-vorbis: bf7c407c2cedff20999df2af8eb42d56 -> 
  custom:framework-win-MediaFoundation: 216162199b28c13a410421893ffa2e32 -> 
  custom:container-demuxer-ogg: 62fdf1f143b41e24485cea50d1cbac27 -> 
  custom:video-decoder-webm-vp8: 9c59270c3fd7afecdb556c50c9e8de78 -> 
  custom:audio-decoder-ogg-vorbis: bf7c407c2cedff20999df2af8eb42d56 -> 
========================================================================
Received Prepare
Registering precompiled user dll's ...
Registered in 0.006330 seconds.
Begin MonoManager ReloadAssembly
Symbol file LoadedFromMemory doesn't match image D:\UnityProjects\RoadToTeachArt\RoadToTechArt\Library\PackageCache\com.unity.visualscripting@1.7.8\Editor\VisualScripting.Core\Dependencies\YamlDotNet\Unity.VisualScripting.YamlDotNet.dll
Symbol file LoadedFromMemory doesn't match image D:\UnityProjects\RoadToTeachArt\RoadToTechArt\Library\PackageCache\com.unity.visualscripting@1.7.8\Editor\VisualScripting.Core\Dependencies\DotNetZip\Unity.VisualScripting.IonicZip.dll
Native extension for UWP target not found
Native extension for WindowsStandalone target not found
Native extension for Android target not found
Native extension for OSXStandalone target not found
Refreshing native plugins compatible for Editor in 0.95 ms, found 3 plugins.
Preloading 0 native plugins for Editor in 0.00 ms.
Mono: successfully reloaded assembly
- Completed reload, in  2.078 seconds
Domain Reload Profiling:
	ReloadAssembly (2079ms)
		BeginReloadAssembly (349ms)
			ExecutionOrderSort (0ms)
			DisableScriptedObjects (11ms)
			BackupInstance (0ms)
			ReleaseScriptingObjects (0ms)
			CreateAndSetChildDomain (61ms)
		EndReloadAssembly (1569ms)
			LoadAssemblies (151ms)
			RebuildTransferFunctionScriptingTraits (0ms)
			SetupTypeCache (487ms)
				TypeCache.Initialize (479ms)
					TypeCache.ScanAssembly (470ms)
				ResolveRequiredComponents (8ms)
			ReleaseScriptCaches (2ms)
			RebuildScriptCaches (133ms)
			SetupLoadedEditorAssemblies (712ms)
				LogAssemblyErrors (0ms)
				InitializePlatformSupportModulesInManaged (60ms)
				SetLoadedEditorAssemblies (15ms)
				RefreshPlugins (1ms)
				BeforeProcessingInitializeOnLoad (130ms)
				ProcessInitializeOnLoadAttributes (435ms)
				ProcessInitializeOnLoadMethodAttributes (56ms)
				AfterProcessingInitializeOnLoad (15ms)
				EditorAssembliesLoaded (1ms)
			ExecutionOrderSort2 (0ms)
			AwakeInstancesAfterBackupRestoration (12ms)
Platform modules already initialized, skipping
Shader 'Hidden/Universal/2D Custom Lit': fallback shader 'Hidden/Shader Graph/FallbackError' not found
Shader 'Hidden/Universal/Decals': fallback shader 'Hidden/Shader Graph/FallbackError' not found
Shader 'ASESampleShaders/Terrain/TerrainSnowCoverageFirstPass': dependency 'BaseMapShader' shader 'ASESampleShaders/TerrainBase' not found
Shader 'Hidden/Universal/Decals': fallback shader 'Hidden/Shader Graph/FallbackError' not found
Shader 'Hidden/Universal/2D Custom Lit': fallback shader 'Hidden/Shader Graph/FallbackError' not found
Refreshing native plugins compatible for Editor in 2.81 ms, found 3 plugins.
Preloading 0 native plugins for Editor in 0.00 ms.
Unloading 3865 Unused Serialized files (Serialized files now loaded: 0)
Unloading 25 unused Assets / (1.3 MB). Loaded Objects now: 4717.
Memory consumption went from 0.65 GB to 0.65 GB.
Total: 6.206700 ms (FindLiveObjects: 0.622600 ms CreateObjectMapping: 0.426200 ms MarkObjects: 4.375200 ms  DeleteObjects: 0.781100 ms)

AssetImportParameters requested are different than current active one (requested -> active):
  custom:video-decoder-ogg-theora: a1e56fd34408186e4bbccfd4996cb3dc -> 
  custom:container-muxer-webm: aa71ff27fc2769a1b78a27578f13a17b -> 
  custom:container-demuxer-webm: 4f35f7cbe854078d1ac9338744f61a02 -> 
  custom:video-encoder-webm-vp8: eb34c28f22e8b96e1ab97ce403110664 -> 
  custom:audio-encoder-webm-vorbis: bf7c407c2cedff20999df2af8eb42d56 -> 
  custom:framework-win-MediaFoundation: 216162199b28c13a410421893ffa2e32 -> 
  custom:container-demuxer-ogg: 62fdf1f143b41e24485cea50d1cbac27 -> 
  custom:video-decoder-webm-vp8: 9c59270c3fd7afecdb556c50c9e8de78 -> 
  custom:audio-decoder-ogg-vorbis: bf7c407c2cedff20999df2af8eb42d56 -> 
