Using pre-set license
Built from '2022.1/staging' branch; Version is '2022.1.14f1 (ff7e140968b4) revision 16743956'; Using compiler version '192829333'; Build Type 'Release'
OS: 'Windows 10  (10.0.19043) 64bit Core' Language: 'en' Physical Memory: 16331 MB
BatchMode: 1, IsHumanControllingUs: 0, StartBugReporterOnCrash: 0, Is64bit: 1, IsPro: 1

COMMAND LINE ARGUMENTS:
C:\Program Files\Unity\Hub\Editor\2022.1.14f1\Editor\Unity.exe
-adb2
-batchMode
-noUpm
-name
AssetImportWorker2
-projectPath
D:/UnityProjects/RoadToTeachArt/RoadToTechArt
-logFile
Logs/AssetImportWorker2.log
-srvPort
51847
Successfully changed project path to: D:/UnityProjects/RoadToTeachArt/RoadToTechArt
D:/UnityProjects/RoadToTeachArt/RoadToTechArt
[UnityMemory] Configuration Parameters - Can be set up in boot.config
    "memorysetup-bucket-allocator-granularity=16"
    "memorysetup-bucket-allocator-bucket-count=8"
    "memorysetup-bucket-allocator-block-size=33554432"
    "memorysetup-bucket-allocator-block-count=8"
    "memorysetup-main-allocator-block-size=16777216"
    "memorysetup-thread-allocator-block-size=16777216"
    "memorysetup-gfx-main-allocator-block-size=16777216"
    "memorysetup-gfx-thread-allocator-block-size=16777216"
    "memorysetup-cache-allocator-block-size=4194304"
    "memorysetup-typetree-allocator-block-size=2097152"
    "memorysetup-profiler-bucket-allocator-granularity=16"
    "memorysetup-profiler-bucket-allocator-bucket-count=8"
    "memorysetup-profiler-bucket-allocator-block-size=33554432"
    "memorysetup-profiler-bucket-allocator-block-count=8"
    "memorysetup-profiler-allocator-block-size=16777216"
    "memorysetup-profiler-editor-allocator-block-size=1048576"
    "memorysetup-temp-allocator-size-main=16777216"
    "memorysetup-job-temp-allocator-block-size=2097152"
    "memorysetup-job-temp-allocator-block-size-background=1048576"
    "memorysetup-job-temp-allocator-reduction-small-platforms=262144"
    "memorysetup-temp-allocator-size-background-worker=32768"
    "memorysetup-temp-allocator-size-job-worker=262144"
    "memorysetup-temp-allocator-size-preload-manager=33554432"
    "memorysetup-temp-allocator-size-nav-mesh-worker=65536"
    "memorysetup-temp-allocator-size-audio-worker=65536"
    "memorysetup-temp-allocator-size-cloud-worker=32768"
    "memorysetup-temp-allocator-size-gi-baking-worker=262144"
    "memorysetup-temp-allocator-size-gfx=262144"
Refreshing native plugins compatible for Editor in 232.74 ms, found 3 plugins.
Preloading 0 native plugins for Editor in 0.00 ms.
Initialize engine version: 2022.1.14f1 (ff7e140968b4)
[Subsystems] Discovering subsystems at path C:/Program Files/Unity/Hub/Editor/2022.1.14f1/Editor/Data/Resources/UnitySubsystems
[Subsystems] Discovering subsystems at path D:/UnityProjects/RoadToTeachArt/RoadToTechArt/Assets
GfxDevice: creating device client; threaded=0; jobified=0
Direct3D:
    Version:  Direct3D 11.0 [level 11.1]
    Renderer: Radeon RX 580 Series (ID=0x67df)
    Vendor:   ATI
    VRAM:     8171 MB
    Driver:   30.0.13023.4001
Shader 'ASESampleShaders/Terrain/TerrainSnowCoverageFirstPass': dependency 'BaseMapShader' shader 'ASESampleShaders/TerrainBase' not found
Shader 'ASESampleShaders/Terrain/TerrainSnowCoverageFirstPass': dependency 'BaseMapShader' shader 'ASESampleShaders/TerrainBase' not found
Initialize mono
Mono path[0] = 'C:/Program Files/Unity/Hub/Editor/2022.1.14f1/Editor/Data/Managed'
Mono path[1] = 'C:/Program Files/Unity/Hub/Editor/2022.1.14f1/Editor/Data/MonoBleedingEdge/lib/mono/unityjit-win32'
Mono config path = 'C:/Program Files/Unity/Hub/Editor/2022.1.14f1/Editor/Data/MonoBleedingEdge/etc'
Using monoOptions --debugger-agent=transport=dt_socket,embedding=1,server=y,suspend=n,address=127.0.0.1:56756
Begin MonoManager ReloadAssembly
Registering precompiled unity dll's ...
Register platform support module: C:/Program Files/Unity/Hub/Editor/2022.1.14f1/Editor/Data/PlaybackEngines/MacStandaloneSupport/UnityEditor.OSXStandalone.Extensions.dll
Register platform support module: C:/Program Files/Unity/Hub/Editor/2022.1.14f1/Editor/Data/PlaybackEngines/AndroidPlayer/UnityEditor.Android.Extensions.dll
Register platform support module: C:/Program Files/Unity/Hub/Editor/2022.1.14f1/Editor/Data/PlaybackEngines/WindowsStandaloneSupport/UnityEditor.WindowsStandalone.Extensions.dll
Register platform support module: C:/Program Files/Unity/Hub/Editor/2022.1.14f1/Editor/Data/PlaybackEngines/MetroSupport/UnityEditor.UWP.Extensions.dll
Registered in 0.020747 seconds.
Native extension for UWP target not found
Native extension for WindowsStandalone target not found
Native extension for Android target not found
Native extension for OSXStandalone target not found
Refreshing native plugins compatible for Editor in 212.58 ms, found 3 plugins.
Preloading 0 native plugins for Editor in 0.00 ms.
Mono: successfully reloaded assembly
- Completed reload, in  1.671 seconds
Domain Reload Profiling:
	ReloadAssembly (1672ms)
		BeginReloadAssembly (145ms)
			ExecutionOrderSort (0ms)
			DisableScriptedObjects (0ms)
			BackupInstance (0ms)
			ReleaseScriptingObjects (0ms)
			CreateAndSetChildDomain (1ms)
		EndReloadAssembly (1244ms)
			LoadAssemblies (142ms)
			RebuildTransferFunctionScriptingTraits (0ms)
			SetupTypeCache (251ms)
				TypeCache.Initialize (250ms)
					TypeCache.ScanAssembly (247ms)
				ResolveRequiredComponents (2ms)
			ReleaseScriptCaches (0ms)
			RebuildScriptCaches (133ms)
			SetupLoadedEditorAssemblies (751ms)
				LogAssemblyErrors (0ms)
				InitializePlatformSupportModulesInManaged (123ms)
				SetLoadedEditorAssemblies (23ms)
				RefreshPlugins (213ms)
				BeforeProcessingInitializeOnLoad (3ms)
				ProcessInitializeOnLoadAttributes (236ms)
				ProcessInitializeOnLoadMethodAttributes (154ms)
				AfterProcessingInitializeOnLoad (0ms)
				EditorAssembliesLoaded (0ms)
			ExecutionOrderSort2 (0ms)
			AwakeInstancesAfterBackupRestoration (0ms)
Platform modules already initialized, skipping
Registering precompiled user dll's ...
Registered in 0.010177 seconds.
Begin MonoManager ReloadAssembly
Symbol file LoadedFromMemory doesn't match image D:\UnityProjects\RoadToTeachArt\RoadToTechArt\Library\PackageCache\com.unity.visualscripting@1.7.8\Editor\VisualScripting.Core\Dependencies\YamlDotNet\Unity.VisualScripting.YamlDotNet.dll
Symbol file LoadedFromMemory doesn't match image D:\UnityProjects\RoadToTeachArt\RoadToTechArt\Library\PackageCache\com.unity.visualscripting@1.7.8\Editor\VisualScripting.Core\Dependencies\DotNetZip\Unity.VisualScripting.IonicZip.dll
Native extension for UWP target not found
Native extension for WindowsStandalone target not found
Native extension for Android target not found
Native extension for OSXStandalone target not found
Refreshing native plugins compatible for Editor in 179.97 ms, found 3 plugins.
Preloading 0 native plugins for Editor in 0.00 ms.
Mono: successfully reloaded assembly
- Completed reload, in  3.208 seconds
Domain Reload Profiling:
	ReloadAssembly (3210ms)
		BeginReloadAssembly (325ms)
			ExecutionOrderSort (0ms)
			DisableScriptedObjects (11ms)
			BackupInstance (0ms)
			ReleaseScriptingObjects (0ms)
			CreateAndSetChildDomain (142ms)
		EndReloadAssembly (2663ms)
			LoadAssemblies (156ms)
			RebuildTransferFunctionScriptingTraits (0ms)
			SetupTypeCache (624ms)
				TypeCache.Initialize (532ms)
					TypeCache.ScanAssembly (524ms)
				ResolveRequiredComponents (92ms)
			ReleaseScriptCaches (2ms)
			RebuildScriptCaches (386ms)
			SetupLoadedEditorAssemblies (1250ms)
				LogAssemblyErrors (0ms)
				InitializePlatformSupportModulesInManaged (34ms)
				SetLoadedEditorAssemblies (15ms)
				RefreshPlugins (180ms)
				BeforeProcessingInitializeOnLoad (203ms)
				ProcessInitializeOnLoadAttributes (653ms)
				ProcessInitializeOnLoadMethodAttributes (149ms)
				AfterProcessingInitializeOnLoad (15ms)
				EditorAssembliesLoaded (1ms)
			ExecutionOrderSort2 (0ms)
			AwakeInstancesAfterBackupRestoration (10ms)
Platform modules already initialized, skipping
========================================================================
Worker process is ready to serve import requests
Shader 'ASESampleShaders/Terrain/TerrainSnowCoverageFirstPass': dependency 'BaseMapShader' shader 'ASESampleShaders/TerrainBase' not found
Launched and connected shader compiler UnityShaderCompiler.exe after 0.08 seconds
Refreshing native plugins compatible for Editor in 1.65 ms, found 3 plugins.
Preloading 0 native plugins for Editor in 0.00 ms.
Unloading 5977 Unused Serialized files (Serialized files now loaded: 0)
Unloading 39 unused Assets / (1.0 MB). Loaded Objects now: 6442.
Memory consumption went from 1.01 GB to 1.01 GB.
Total: 7.262200 ms (FindLiveObjects: 0.657100 ms CreateObjectMapping: 0.666900 ms MarkObjects: 5.268200 ms  DeleteObjects: 0.668600 ms)

AssetImportParameters requested are different than current active one (requested -> active):
  custom:video-decoder-ogg-theora: a1e56fd34408186e4bbccfd4996cb3dc -> 
  custom:container-muxer-webm: aa71ff27fc2769a1b78a27578f13a17b -> 
  custom:container-demuxer-webm: 4f35f7cbe854078d1ac9338744f61a02 -> 
  custom:video-encoder-webm-vp8: eb34c28f22e8b96e1ab97ce403110664 -> 
  custom:audio-encoder-webm-vorbis: bf7c407c2cedff20999df2af8eb42d56 -> 
  custom:framework-win-MediaFoundation: 216162199b28c13a410421893ffa2e32 -> 
  custom:SearchIndexIgnoredProperties: e643bd26f0fe6173181afceb89e7c659 -> 
  custom:container-demuxer-ogg: 62fdf1f143b41e24485cea50d1cbac27 -> 
  custom:video-decoder-webm-vp8: 9c59270c3fd7afecdb556c50c9e8de78 -> 
  custom:audio-decoder-ogg-vorbis: bf7c407c2cedff20999df2af8eb42d56 -> 
========================================================================
Received Import Request.
  Time since last request: 339414.264251 seconds.
  path: Assets/AmplifyShaderEditor/Plugins/Editor/Menu/MenuParent.cs
  artifactKey: Guid(5d535d3799a3ef547aea607fdc8b947b) Importer(2089858483,c653a7c40615fbf8c82c05b109e42dfe)
Start importing Assets/AmplifyShaderEditor/Plugins/Editor/Menu/MenuParent.cs using Guid(5d535d3799a3ef547aea607fdc8b947b) Importer(2089858483,c653a7c40615fbf8c82c05b109e42dfe) 
=================================================================
	Native Crash Reporting
=================================================================
Got a UNKNOWN while executing native code. This usually indicates
a fatal error in the mono runtime or one of the native libraries 
used by your application.
=================================================================

=================================================================
	Managed Stacktrace:
=================================================================
	  at <unknown> <0xffffffff>
	  at System.Reflection.RuntimePropertyInfo:internal_from_handle_type <0x000c7>
	  at System.Reflection.RuntimePropertyInfo:GetPropertyFromHandle <0x001c2>
	  at System.RuntimeType:GetPropertiesByName <0x00432>
	  at System.RuntimeType:GetPropertyCandidates <0x0015a>
	  at System.RuntimeType:GetProperties <0x000b2>
	  at System.Type:GetProperties <0x00071>
	  at <>c:<GetMaterialReferenceLookup>b__2_0 <0x0007a>
	  at WhereEnumerableIterator`1:MoveNext <0x00218>
	  at UnityEditor.Rendering.Universal.Converters.MaterialReferenceBuilder:GetMaterialReferenceLookup <0x008d8>
	  at UnityEditor.Rendering.Universal.Converters.MaterialReferenceBuilder:.cctor <0x0009a>
	  at System.Object:runtime_invoke_void <0x00184>
	  at <unknown> <0xffffffff>
	  at System.Object:__icall_wrapper_mono_generic_class_init <0x000c2>
	  at UnityEditor.Rendering.Universal.Converters.ConversionIndexers:ConversionIndexer <0x0012a>
	  at <Module>:invoke_void_CustomObjectIndexerTarget_ObjectIndexer <0x0038c>
	  at UnityEditor.Search.ObjectIndexer:CallCustomIndexers <0x00bec>
	  at UnityEditor.Search.ObjectIndexer:IndexCustomProperties <0x00142>
	  at UnityEditor.Search.AssetIndexer:IndexProperties <0x002b2>
	  at UnityEditor.Search.AssetIndexer:IndexDocument <0x025c2>
	  at UnityEditor.Search.SearchIndexEntryImporter:OnImportAsset <0x002b9>
	  at UnityEditor.AssetImporters.ScriptedImporter:GenerateAssetData <0x00084>
	  at <Module>:runtime_invoke_void__this___object <0x0018d>
=================================================================
Generated GUIDs only implemented for interfaces!
 -> (artifact id: '4121d6c4048c6553755404093c833537') in 0.448869 seconds 
========================================================================
Received Import Request.
  Time since last request: 0.000027 seconds.
  path: Assets/AmplifyShaderEditor/Plugins/Editor/Native/FallbackTexture.cs
  artifactKey: Guid(309e413cfa89510429c67fa82c557da7) Importer(2089858483,c653a7c40615fbf8c82c05b109e42dfe)
Start importing Assets/AmplifyShaderEditor/Plugins/Editor/Native/FallbackTexture.cs using Guid(309e413cfa89510429c67fa82c557da7) Importer(2089858483,c653a7c40615fbf8c82c05b109e42dfe) Generated GUIDs only implemented for interfaces!
 -> (artifact id: '4a57fafab77022083d8baea159b7779e') in 0.013045 seconds 
========================================================================
Received Import Request.
  Time since last request: 0.000048 seconds.
  path: Assets/AmplifyShaderEditor/Plugins/Editor/Native/FallbackInt.cs
  artifactKey: Guid(09c28ab321caf3b47839606e37d3cdd2) Importer(2089858483,c653a7c40615fbf8c82c05b109e42dfe)
Start importing Assets/AmplifyShaderEditor/Plugins/Editor/Native/FallbackInt.cs using Guid(09c28ab321caf3b47839606e37d3cdd2) Importer(2089858483,c653a7c40615fbf8c82c05b109e42dfe) Generated GUIDs only implemented for interfaces!
 -> (artifact id: '0cc6db9423ac5547b62814c2759997a6') in 0.012764 seconds 
========================================================================
Received Import Request.
  Time since last request: 0.000042 seconds.
  path: Assets/AmplifyShaderEditor/Plugins/Editor/Menu/NodeParametersWindow.cs
  artifactKey: Guid(d09f21096aa7c9f438e91a6e7f2621fb) Importer(2089858483,c653a7c40615fbf8c82c05b109e42dfe)
Start importing Assets/AmplifyShaderEditor/Plugins/Editor/Menu/NodeParametersWindow.cs using Guid(d09f21096aa7c9f438e91a6e7f2621fb) Importer(2089858483,c653a7c40615fbf8c82c05b109e42dfe) Generated GUIDs only implemented for interfaces!
 -> (artifact id: '442748284f1a594b5090c53ea6b080d2') in 0.015800 seconds 
========================================================================
Received Import Request.
  Time since last request: 0.000025 seconds.
  path: Assets/AmplifyShaderEditor/Plugins/Editor/Native/FallbackVector2.cs
  artifactKey: Guid(ab3a976b3cb79ad41986d2f7d4439642) Importer(2089858483,c653a7c40615fbf8c82c05b109e42dfe)
Start importing Assets/AmplifyShaderEditor/Plugins/Editor/Native/FallbackVector2.cs using Guid(ab3a976b3cb79ad41986d2f7d4439642) Importer(2089858483,c653a7c40615fbf8c82c05b109e42dfe) Generated GUIDs only implemented for interfaces!
 -> (artifact id: 'a11c140d2525536eba462c7c76a52290') in 0.017028 seconds 
========================================================================
Received Import Request.
  Time since last request: 0.000028 seconds.
  path: Assets/AmplifyShaderEditor/Plugins/Editor/Menu/PortLegendInfo.cs
  artifactKey: Guid(20dad8f4196f0e643a9c56d1202e74dc) Importer(2089858483,c653a7c40615fbf8c82c05b109e42dfe)
Start importing Assets/AmplifyShaderEditor/Plugins/Editor/Menu/PortLegendInfo.cs using Guid(20dad8f4196f0e643a9c56d1202e74dc) Importer(2089858483,c653a7c40615fbf8c82c05b109e42dfe) Generated GUIDs only implemented for interfaces!
 -> (artifact id: '697e43b5119e1ad3c4416d9210e955ff') in 0.015032 seconds 
========================================================================
Received Import Request.
  Time since last request: 0.000025 seconds.
  path: Assets/AmplifyShaderEditor/Plugins/Editor/Menu/ShaderEditorModeWindow.cs
  artifactKey: Guid(672d96e3a4f68d44f9456d2fc53d4d73) Importer(2089858483,c653a7c40615fbf8c82c05b109e42dfe)
Start importing Assets/AmplifyShaderEditor/Plugins/Editor/Menu/ShaderEditorModeWindow.cs using Guid(672d96e3a4f68d44f9456d2fc53d4d73) Importer(2089858483,c653a7c40615fbf8c82c05b109e42dfe) Generated GUIDs only implemented for interfaces!
 -> (artifact id: '9d91628f954d9371360ad1a0f710aa9f') in 0.019194 seconds 
========================================================================
Received Import Request.
  Time since last request: 0.000029 seconds.
  path: Assets/AmplifyShaderEditor/Plugins/Editor/Native/FallbackMatrix4x4.cs
  artifactKey: Guid(48af68670bdba9147b4ed55138e4edf6) Importer(2089858483,c653a7c40615fbf8c82c05b109e42dfe)
Start importing Assets/AmplifyShaderEditor/Plugins/Editor/Native/FallbackMatrix4x4.cs using Guid(48af68670bdba9147b4ed55138e4edf6) Importer(2089858483,c653a7c40615fbf8c82c05b109e42dfe) Generated GUIDs only implemented for interfaces!
 -> (artifact id: '7f1f40a6e12cbd048357af477af1728c') in 0.016098 seconds 
========================================================================
Received Import Request.
  Time since last request: 0.000031 seconds.
  path: Assets/AmplifyShaderEditor/Plugins/Editor/Native/FallbackVector3.cs
  artifactKey: Guid(0e681455d27d2264fbc2683a1510df2c) Importer(2089858483,c653a7c40615fbf8c82c05b109e42dfe)
Start importing Assets/AmplifyShaderEditor/Plugins/Editor/Native/FallbackVector3.cs using Guid(0e681455d27d2264fbc2683a1510df2c) Importer(2089858483,c653a7c40615fbf8c82c05b109e42dfe) Generated GUIDs only implemented for interfaces!
 -> (artifact id: 'b97e9dc98efee65b369adb75145fffe4') in 0.018430 seconds 
========================================================================
Received Import Request.
  Time since last request: 0.000031 seconds.
  path: Assets/AmplifyShaderEditor/Plugins/Editor/Nodes/CustomNode.cs
  artifactKey: Guid(c89fd369755de3e49a669e8e5daa8c2f) Importer(2089858483,c653a7c40615fbf8c82c05b109e42dfe)
Start importing Assets/AmplifyShaderEditor/Plugins/Editor/Nodes/CustomNode.cs using Guid(c89fd369755de3e49a669e8e5daa8c2f) Importer(2089858483,c653a7c40615fbf8c82c05b109e42dfe) Generated GUIDs only implemented for interfaces!
 -> (artifact id: '9bc96b17b19685e69d2e7be911f38c34') in 0.016098 seconds 
========================================================================
Received Import Request.
  Time since last request: 0.000031 seconds.
  path: Assets/AmplifyShaderEditor/Plugins/Editor/Native/FallbackVector4.cs
  artifactKey: Guid(4e23c25f035ba604ea999f214c0a7833) Importer(2089858483,c653a7c40615fbf8c82c05b109e42dfe)
Start importing Assets/AmplifyShaderEditor/Plugins/Editor/Native/FallbackVector4.cs using Guid(4e23c25f035ba604ea999f214c0a7833) Importer(2089858483,c653a7c40615fbf8c82c05b109e42dfe) Generated GUIDs only implemented for interfaces!
 -> (artifact id: '46484d7ad9378970de4b5fb774c954f8') in 0.015165 seconds 
========================================================================
Received Import Request.
  Time since last request: 0.000046 seconds.
  path: Assets/AmplifyShaderEditor/Plugins/Editor/Native/FallbackVariable.cs
  artifactKey: Guid(ec850a4093c249d449f22e0483040b9c) Importer(2089858483,c653a7c40615fbf8c82c05b109e42dfe)
Start importing Assets/AmplifyShaderEditor/Plugins/Editor/Native/FallbackVariable.cs using Guid(ec850a4093c249d449f22e0483040b9c) Importer(2089858483,c653a7c40615fbf8c82c05b109e42dfe) Generated GUIDs only implemented for interfaces!
 -> (artifact id: 'a47e878167ccc2bb719dd44170dfdffb') in 0.013893 seconds 
========================================================================
Received Import Request.
  Time since last request: 0.000031 seconds.
  path: Assets/AmplifyShaderEditor/Plugins/Editor/Native/IFallbackVars.cs
  artifactKey: Guid(8b0dda023474c6e41a39c36e48af72b2) Importer(2089858483,c653a7c40615fbf8c82c05b109e42dfe)
Start importing Assets/AmplifyShaderEditor/Plugins/Editor/Native/IFallbackVars.cs using Guid(8b0dda023474c6e41a39c36e48af72b2) Importer(2089858483,c653a7c40615fbf8c82c05b109e42dfe) Generated GUIDs only implemented for interfaces!
 -> (artifact id: '0e86877f24859093ff6a04522e5ea4b6') in 0.012642 seconds 
========================================================================
Received Import Request.
  Time since last request: 0.000027 seconds.
  path: Assets/AmplifyShaderEditor/Plugins/Editor/Menu/ShaderLibrary.cs
  artifactKey: Guid(cbdd03f297692584391b9dc0625a80ed) Importer(2089858483,c653a7c40615fbf8c82c05b109e42dfe)
Start importing Assets/AmplifyShaderEditor/Plugins/Editor/Menu/ShaderLibrary.cs using Guid(cbdd03f297692584391b9dc0625a80ed) Importer(2089858483,c653a7c40615fbf8c82c05b109e42dfe) Generated GUIDs only implemented for interfaces!
 -> (artifact id: '647899aa359ae19b31d3607836d35609') in 0.014553 seconds 
========================================================================
Received Import Request.
  Time since last request: 0.000026 seconds.
  path: Assets/AmplifyShaderEditor/Plugins/Editor/Nodes/DrawInfo.cs
  artifactKey: Guid(36f40ed0b172d8f45810b3f6b8e2243d) Importer(2089858483,c653a7c40615fbf8c82c05b109e42dfe)
Start importing Assets/AmplifyShaderEditor/Plugins/Editor/Nodes/DrawInfo.cs using Guid(36f40ed0b172d8f45810b3f6b8e2243d) Importer(2089858483,c653a7c40615fbf8c82c05b109e42dfe) Generated GUIDs only implemented for interfaces!
 -> (artifact id: '55d9f6c187f0cb48fef6eaee9e3f255c') in 0.017164 seconds 
========================================================================
Received Import Request.
  Time since last request: 0.000032 seconds.
  path: Assets/AmplifyShaderEditor/Plugins/Editor/Nodes/CommentaryNode.cs
  artifactKey: Guid(08f1d9c1d8cbe5841a6429d565096eab) Importer(2089858483,c653a7c40615fbf8c82c05b109e42dfe)
Start importing Assets/AmplifyShaderEditor/Plugins/Editor/Nodes/CommentaryNode.cs using Guid(08f1d9c1d8cbe5841a6429d565096eab) Importer(2089858483,c653a7c40615fbf8c82c05b109e42dfe) Generated GUIDs only implemented for interfaces!
 -> (artifact id: 'dae88a7dd20ec63c9486c2bb6531f0a1') in 0.012512 seconds 
========================================================================
Received Import Request.
  Time since last request: 0.000047 seconds.
  path: Assets/AmplifyShaderEditor/Plugins/Editor/Menu/SceneSaveCallback.cs
  artifactKey: Guid(708e90c98affcb04aa2fcfedf4329a7c) Importer(2089858483,c653a7c40615fbf8c82c05b109e42dfe)
Start importing Assets/AmplifyShaderEditor/Plugins/Editor/Menu/SceneSaveCallback.cs using Guid(708e90c98affcb04aa2fcfedf4329a7c) Importer(2089858483,c653a7c40615fbf8c82c05b109e42dfe) Generated GUIDs only implemented for interfaces!
 -> (artifact id: '7ac55cfa97601033bee8158d864b5016') in 0.013558 seconds 
========================================================================
Received Import Request.
  Time since last request: 0.000027 seconds.
  path: Assets/AmplifyShaderEditor/Plugins/Editor/Native/FallbackString.cs
  artifactKey: Guid(cc2e25b7c55e9284699ccad75e79a075) Importer(2089858483,c653a7c40615fbf8c82c05b109e42dfe)
Start importing Assets/AmplifyShaderEditor/Plugins/Editor/Native/FallbackString.cs using Guid(cc2e25b7c55e9284699ccad75e79a075) Importer(2089858483,c653a7c40615fbf8c82c05b109e42dfe) Generated GUIDs only implemented for interfaces!
 -> (artifact id: '85fa7349270c4f3d01aef51d982f761f') in 0.016327 seconds 
========================================================================
Received Import Request.
  Time since last request: 0.000036 seconds.
  path: Assets/AmplifyShaderEditor/Plugins/Editor/Native/FallbackColor.cs
  artifactKey: Guid(8c6dccc523e2ad440a82edd582b84a45) Importer(2089858483,c653a7c40615fbf8c82c05b109e42dfe)
Start importing Assets/AmplifyShaderEditor/Plugins/Editor/Native/FallbackColor.cs using Guid(8c6dccc523e2ad440a82edd582b84a45) Importer(2089858483,c653a7c40615fbf8c82c05b109e42dfe) Generated GUIDs only implemented for interfaces!
 -> (artifact id: 'b1fda0d7e4381edac8395aa51dfead08') in 0.014869 seconds 
========================================================================
Received Import Request.
  Time since last request: 0.000039 seconds.
  path: Assets/AmplifyShaderEditor/Examples/Built-In/SimpleTerrain/ApplyGrassWindToTerrain.unitypackage
  artifactKey: Guid(11f44bcb01ea56742bb7177b439b1a4f) Importer(2089858483,c653a7c40615fbf8c82c05b109e42dfe)
Start importing Assets/AmplifyShaderEditor/Examples/Built-In/SimpleTerrain/ApplyGrassWindToTerrain.unitypackage using Guid(11f44bcb01ea56742bb7177b439b1a4f) Importer(2089858483,c653a7c40615fbf8c82c05b109e42dfe) Generated GUIDs only implemented for interfaces!
 -> (artifact id: 'c9f2fc9c8b8260cc1723accb4a2a41cc') in 0.049879 seconds 
========================================================================
Received Import Request.
  Time since last request: 0.000045 seconds.
  path: Assets/AmplifyShaderEditor/Examples/Built-In/TextureArray/TextureArray.shader
  artifactKey: Guid(777daed654e50c048be3ecf97fac28e2) Importer(2089858483,c653a7c40615fbf8c82c05b109e42dfe)
Start importing Assets/AmplifyShaderEditor/Examples/Built-In/TextureArray/TextureArray.shader using Guid(777daed654e50c048be3ecf97fac28e2) Importer(2089858483,c653a7c40615fbf8c82c05b109e42dfe) Generated GUIDs only implemented for interfaces!
 -> (artifact id: 'e969e0d99da38e130a67c7d9eed89924') in 0.034173 seconds 
========================================================================
Received Import Request.
  Time since last request: 0.000029 seconds.
  path: Assets/AmplifyShaderEditor/Examples/Built-In/ScaleIndependentTile/ScaleIndependentTile.shader
  artifactKey: Guid(691a8bbb7c52f114d9993fb13400a4d8) Importer(2089858483,c653a7c40615fbf8c82c05b109e42dfe)
Start importing Assets/AmplifyShaderEditor/Examples/Built-In/ScaleIndependentTile/ScaleIndependentTile.shader using Guid(691a8bbb7c52f114d9993fb13400a4d8) Importer(2089858483,c653a7c40615fbf8c82c05b109e42dfe) Generated GUIDs only implemented for interfaces!
 -> (artifact id: '29ddbc2dc8887d2c963f8f7beeb3b46f') in 0.031875 seconds 
========================================================================
Received Import Request.
  Time since last request: 0.000033 seconds.
  path: Assets/AmplifyShaderEditor/Examples/Built-In/SimpleLambert/SimpleLambert.shader
  artifactKey: Guid(a3f926aae6ecf344491b1ce3a55645d4) Importer(2089858483,c653a7c40615fbf8c82c05b109e42dfe)
Start importing Assets/AmplifyShaderEditor/Examples/Built-In/SimpleLambert/SimpleLambert.shader using Guid(a3f926aae6ecf344491b1ce3a55645d4) Importer(2089858483,c653a7c40615fbf8c82c05b109e42dfe) Generated GUIDs only implemented for interfaces!
 -> (artifact id: '891921fe4e70fd6efe729fe53e289d71') in 0.032610 seconds 
========================================================================
Received Import Request.
  Time since last request: 0.000038 seconds.
  path: Assets/AmplifyShaderEditor/Examples/Built-In/Smear/SimpleMoveExample.cs
  artifactKey: Guid(5cd5adaa55e34f642a4183f01eac6eee) Importer(2089858483,c653a7c40615fbf8c82c05b109e42dfe)
Start importing Assets/AmplifyShaderEditor/Examples/Built-In/Smear/SimpleMoveExample.cs using Guid(5cd5adaa55e34f642a4183f01eac6eee) Importer(2089858483,c653a7c40615fbf8c82c05b109e42dfe) Generated GUIDs only implemented for interfaces!
 -> (artifact id: '13043c6c66cf223266b5b8e2bf01133f') in 0.019194 seconds 
========================================================================
Received Import Request.
  Time since last request: 0.000031 seconds.
  path: Assets/AmplifyShaderEditor/Examples/Built-In/Transmission/Transmission.shader
  artifactKey: Guid(babd839f5efc0e543a855e20b7668b94) Importer(2089858483,c653a7c40615fbf8c82c05b109e42dfe)
Start importing Assets/AmplifyShaderEditor/Examples/Built-In/Transmission/Transmission.shader using Guid(babd839f5efc0e543a855e20b7668b94) Importer(2089858483,c653a7c40615fbf8c82c05b109e42dfe) Generated GUIDs only implemented for interfaces!
 -> (artifact id: '77e35e21bc299ae496f3bd93e84ff219') in 0.030669 seconds 
========================================================================
Received Import Request.
  Time since last request: 0.000028 seconds.
  path: Assets/AmplifyShaderEditor/Plugins/Editor/Menu/DebugConsoleWindow.cs
  artifactKey: Guid(52308890136cd7746a5a073c9be8f028) Importer(2089858483,c653a7c40615fbf8c82c05b109e42dfe)
Start importing Assets/AmplifyShaderEditor/Plugins/Editor/Menu/DebugConsoleWindow.cs using Guid(52308890136cd7746a5a073c9be8f028) Importer(2089858483,c653a7c40615fbf8c82c05b109e42dfe) Generated GUIDs only implemented for interfaces!
 -> (artifact id: 'c128cb4abf1314066a4df2fff6f5f716') in 0.015745 seconds 
========================================================================
Received Import Request.
  Time since last request: 0.000040 seconds.
  path: Assets/AmplifyShaderEditor/Examples/Built-In/ParallaxOffsetFakeInterior/ParallaxWindow.shader
  artifactKey: Guid(c2c82a368002e744b8352f9a84e6d7e5) Importer(2089858483,c653a7c40615fbf8c82c05b109e42dfe)
Start importing Assets/AmplifyShaderEditor/Examples/Built-In/ParallaxOffsetFakeInterior/ParallaxWindow.shader using Guid(c2c82a368002e744b8352f9a84e6d7e5) Importer(2089858483,c653a7c40615fbf8c82c05b109e42dfe) Generated GUIDs only implemented for interfaces!
 -> (artifact id: '22b8e8b4115f24467af786766864be8a') in 0.028943 seconds 
========================================================================
Received Import Request.
  Time since last request: 0.000033 seconds.
  path: Assets/AmplifyShaderEditor/Examples/Built-In/ScreenSpaceDetail/ScreenSpaceDetail.mat
  artifactKey: Guid(3a0163d12fede4d47a1f818a66a115de) Importer(2089858483,c653a7c40615fbf8c82c05b109e42dfe)
Start importing Assets/AmplifyShaderEditor/Examples/Built-In/ScreenSpaceDetail/ScreenSpaceDetail.mat using Guid(3a0163d12fede4d47a1f818a66a115de) Importer(2089858483,c653a7c40615fbf8c82c05b109e42dfe) Generated GUIDs only implemented for interfaces!
 -> (artifact id: '4c563d23be3bf5794773ffde90a6bba9') in 0.049008 seconds 
========================================================================
Received Import Request.
  Time since last request: 0.000035 seconds.
  path: Assets/AmplifyShaderEditor/Examples/Built-In/SimpleTerrain/SimpleTerrainSample.unity
  artifactKey: Guid(f33025ce3db4b9340b717c63edbced19) Importer(2089858483,c653a7c40615fbf8c82c05b109e42dfe)
Start importing Assets/AmplifyShaderEditor/Examples/Built-In/SimpleTerrain/SimpleTerrainSample.unity using Guid(f33025ce3db4b9340b717c63edbced19) Importer(2089858483,c653a7c40615fbf8c82c05b109e42dfe) Opening scene 'Assets/AmplifyShaderEditor/Examples/Built-In/SimpleTerrain/SimpleTerrainSample.unity additively'
LightingSettings: switching bake backend from 1 to 0.
Received signal SIGSEGV
Obtained 59 stack frames
0x00007ff6395e8e49 (Unity) CreateAssetToGUIDMappingV2
0x00007ff63957984a (Unity) AssetDatabase::CreateAssetToGUIDMapping
0x00007ff638a61717 (Unity) SplatDatabase::CreateTerrainLayerAsset
0x00007ff638a5faa0 (Unity) SplatDatabase::ConvertSplatsToTerrainLayers
0x00007ff638a5c35c (Unity) SplatDatabase::AwakeFromLoad
0x00007ff638a8e5a6 (Unity) TerrainData::AwakeFromLoad
0x00007ff6382b445f (Unity) AwakeFromLoadQueue::InvokePersistentManagerAwake
0x00007ff6382b4eec (Unity) AwakeFromLoadQueue::PersistentManagerAwakeFromLoad
0x00007ff6382b5053 (Unity) AwakeFromLoadQueue::PersistentManagerAwakeFromLoad
0x00007ff6382877f2 (Unity) PersistentManager::IntegrateAllThreadedObjects
0x00007ff638288110 (Unity) PersistentManager::LoadAndIntegrateAllPreallocatedObjects
0x00007ff63828c522 (Unity) PersistentManager::ReadObject
0x00007ff63770c75b (Unity) PPtr<TerrainData>::operator TerrainData * __ptr64
0x00007ff638aea96b (Unity) TerrainCollider::Create
0x00007ff638098116 (Unity) Collider::AwakeFromLoad
0x00007ff638aea2d9 (Unity) TerrainCollider::AwakeFromLoad
0x00007ff6382b445f (Unity) AwakeFromLoadQueue::InvokePersistentManagerAwake
0x00007ff6382b4eec (Unity) AwakeFromLoadQueue::PersistentManagerAwakeFromLoad
0x00007ff6382b5053 (Unity) AwakeFromLoadQueue::PersistentManagerAwakeFromLoad
0x00007ff637ee80b9 (Unity) LoadSceneOperation::CompleteAwakeSequence
0x00007ff637eebb27 (Unity) LoadSceneOperation::PostLoadSceneAdditive
0x00007ff637ee9607 (Unity) LoadSceneOperation::IntegrateMainThread
0x00007ff637eed3db (Unity) PreloadManager::UpdatePreloadingSingleStep
0x00007ff637eed9df (Unity) PreloadManager::WaitForAllAsyncOperationsToComplete
0x00007ff637f0dec4 (Unity) RuntimeSceneManager::LoadScene
0x00007ff639110451 (Unity) EditorSceneManager::OpenSceneLoaded
0x00007ff63910ec17 (Unity) EditorSceneManager::OpenScene
0x00007ff638c266f2 (Unity) EditorSceneManagerBindings::OpenScene
0x00007ff6378b06c7 (Unity) EditorSceneManager_CUSTOM_OpenScene_Injected
0x000002cce8a5ae37 (Mono JIT Code) (wrapper managed-to-native) UnityEditor.SceneManagement.EditorSceneManager:OpenScene_Injected (string,UnityEditor.SceneManagement.OpenSceneMode,UnityEngine.SceneManagement.Scene&)
0x000002cce8a5ac6b (Mono JIT Code) UnityEditor.SceneManagement.EditorSceneManager:OpenScene (string,UnityEditor.SceneManagement.OpenSceneMode)
0x000002cce8a59dbb (Mono JIT Code) UnityEditor.Search.AssetIndexer:IndexScene (string,bool)
0x000002cca57bfda3 (Mono JIT Code) UnityEditor.Search.AssetIndexer:IndexSceneDocument (string,bool)
0x000002cca5764233 (Mono JIT Code) UnityEditor.Search.AssetIndexer:IndexDocument (string,bool)
0x000002cca57587fa (Mono JIT Code) UnityEditor.Search.SearchIndexEntryImporter:OnImportAsset (UnityEditor.AssetImporters.AssetImportContext)
0x000002cca57580f5 (Mono JIT Code) UnityEditor.AssetImporters.ScriptedImporter:GenerateAssetData (UnityEditor.AssetImporters.AssetImportContext)
0x000002cca57582ee (Mono JIT Code) (wrapper runtime-invoke) <Module>:runtime_invoke_void__this___object (object,intptr,intptr,intptr)
0x00007ffa24a902f4 (mono-2.0-bdwgc) [mini-runtime.c:3445] mono_jit_runtime_invoke 
0x00007ffa249ceb34 (mono-2.0-bdwgc) [object.c:3066] do_runtime_invoke 
0x00007ffa249ceccc (mono-2.0-bdwgc) [object.c:3113] mono_runtime_invoke 
0x00007ff6381fe8d4 (Unity) scripting_method_invoke
0x00007ff6381de224 (Unity) ScriptingInvocation::Invoke
0x00007ff6396ac741 (Unity) ScriptedImporter::GenerateAssetData
0x00007ff6395a8c11 (Unity) ImportToObjects
0x00007ff6395a7ba3 (Unity) ImportAsset
0x00007ff6395cac17 (Unity) AssetImportWorker::Import
0x00007ff639633284 (Unity) <lambda_d18e3400227f702c19ede75248229b18>::operator()
0x00007ff6396730a2 (Unity) asio::detail::completion_handler<core::mutable_function<void __cdecl(void)>,asio::io_context::basic_executor_type<std::allocator<void>,0> >::do_complete
0x00007ff63965f68e (Unity) asio::detail::win_iocp_io_context::do_one
0x00007ff639661384 (Unity) asio::detail::win_iocp_io_context::run
0x00007ff63967171e (Unity) IOService::Run
0x00007ff63964372f (Unity) AssetImportWorkerClient::Run
0x00007ff63960e2d3 (Unity) RunAssetImportWorkerClientV2
0x00007ff63960e35b (Unity) RunAssetImporterV2
0x00007ff638e19785 (Unity) Application::InitializeProject
0x00007ff63929074b (Unity) WinMain
0x00007ff63a60355e (Unity) __scrt_common_main_seh
0x00007ffa70387034 (KERNEL32) BaseThreadInitThunk
0x00007ffa70d02651 (ntdll) RtlUserThreadStart

